2025-08-20 09:41:23,732 - INFO - 從 stories 表拉取到 48 筆資料
2025-08-20 09:41:23,946 - INFO - 從 single_news 表拉取到 48 筆現有記錄
2025-08-20 09:41:24,155 - INFO - Story bfcf6bfb-512d-4f6d-97e2-8e57489b919e 對應到 10 篇文章
2025-08-20 09:41:24,156 - INFO - 跳過 Story bfcf6bfb-512d-4f6d-97e2-8e57489b919e - 文章數無變化 (10)
2025-08-20 09:41:24,386 - INFO - Story eea6c0f9-c9a6-4107-9d6e-764915d4dde5 對應到 10 篇文章
2025-08-20 09:41:24,387 - INFO - 跳過 Story eea6c0f9-c9a6-4107-9d6e-764915d4dde5 - 文章數無變化 (10)
2025-08-20 09:41:24,539 - INFO - Story c9bb094c-e220-4b42-8588-eb1f26d63e6a 對應到 10 篇文章
2025-08-20 09:41:24,539 - INFO - 跳過 Story c9bb094c-e220-4b42-8588-eb1f26d63e6a - 文章數無變化 (10)
2025-08-20 09:41:24,686 - INFO - Story 205ad770-5e01-4637-b05f-b8016ca835c9 對應到 9 篇文章
2025-08-20 09:41:24,687 - INFO - 跳過 Story 205ad770-5e01-4637-b05f-b8016ca835c9 - 文章數無變化 (9)
2025-08-20 09:41:24,846 - INFO - Story c9841140-336c-4fc9-99bb-5fa166f01449 對應到 9 篇文章
2025-08-20 09:41:24,846 - INFO - 跳過 Story c9841140-336c-4fc9-99bb-5fa166f01449 - 文章數無變化 (9)
2025-08-20 09:41:25,006 - INFO - Story c0f068bf-5441-4a20-9f90-ad2fffc08d84 對應到 9 篇文章
2025-08-20 09:41:25,006 - INFO - 跳過 Story c0f068bf-5441-4a20-9f90-ad2fffc08d84 - 文章數無變化 (9)
2025-08-20 09:41:25,144 - INFO - Story 9bc77213-1b27-4c2d-9fcd-56fd23da3cd3 對應到 9 篇文章
2025-08-20 09:41:25,144 - INFO - 需要更新 Story 9bc77213-1b27-4c2d-9fcd-56fd23da3cd3 - 文章數變化 8 -> 9
2025-08-20 09:41:25,284 - INFO - Story 53bc840d-24d0-4871-9668-d5e2a1a3b3e5 對應到 9 篇文章
2025-08-20 09:41:25,284 - INFO - 跳過 Story 53bc840d-24d0-4871-9668-d5e2a1a3b3e5 - 文章數無變化 (9)
2025-08-20 09:41:25,423 - INFO - Story 285c70c3-44cc-4925-8875-f832be467b17 對應到 5 篇文章
2025-08-20 09:41:25,424 - INFO - 跳過 Story 285c70c3-44cc-4925-8875-f832be467b17 - 文章數無變化 (5)
2025-08-20 09:41:25,571 - INFO - Story 1d43caa3-1c4e-405c-aab5-21277df08333 對應到 10 篇文章
2025-08-20 09:41:25,571 - INFO - 跳過 Story 1d43caa3-1c4e-405c-aab5-21277df08333 - 文章數無變化 (10)
2025-08-20 09:41:25,711 - INFO - Story d4098797-3e54-404c-9e5c-af6912192ae9 對應到 10 篇文章
2025-08-20 09:41:25,712 - INFO - 跳過 Story d4098797-3e54-404c-9e5c-af6912192ae9 - 文章數無變化 (10)
2025-08-20 09:41:25,935 - INFO - Story 5f81f581-66f8-450e-b613-707e74f6c8f3 對應到 10 篇文章
2025-08-20 09:41:25,936 - INFO - 跳過 Story 5f81f581-66f8-450e-b613-707e74f6c8f3 - 文章數無變化 (10)
2025-08-20 09:41:26,070 - INFO - Story 3100e895-c4c1-4aa1-8f75-5e1c444fde9e 對應到 6 篇文章
2025-08-20 09:41:26,071 - INFO - 跳過 Story 3100e895-c4c1-4aa1-8f75-5e1c444fde9e - 文章數無變化 (6)
2025-08-20 09:41:26,208 - INFO - Story c69f08fb-1716-45ad-b674-3bc1d1d0c052 對應到 10 篇文章
2025-08-20 09:41:26,208 - INFO - 跳過 Story c69f08fb-1716-45ad-b674-3bc1d1d0c052 - 文章數無變化 (10)
2025-08-20 09:41:26,357 - INFO - Story 87650de2-1232-4337-8325-fa5656a1ec74 對應到 10 篇文章
2025-08-20 09:41:26,357 - INFO - 跳過 Story 87650de2-1232-4337-8325-fa5656a1ec74 - 文章數無變化 (10)
2025-08-20 09:41:26,540 - INFO - Story fbe15063-aca6-453b-ae8b-5e1d383acce8 對應到 10 篇文章
2025-08-20 09:41:26,540 - INFO - 跳過 Story fbe15063-aca6-453b-ae8b-5e1d383acce8 - 文章數無變化 (10)
2025-08-20 09:41:26,793 - INFO - Story 7e860816-e27e-445a-90eb-51b0d6998e52 對應到 9 篇文章
2025-08-20 09:41:26,793 - INFO - 跳過 Story 7e860816-e27e-445a-90eb-51b0d6998e52 - 文章數無變化 (9)
2025-08-20 09:41:26,890 - INFO - Story 704d9f0b-1b07-444e-8b9e-86e4a6db23db 對應到 10 篇文章
2025-08-20 09:41:26,891 - INFO - 跳過 Story 704d9f0b-1b07-444e-8b9e-86e4a6db23db - 文章數無變化 (10)
2025-08-20 09:41:27,083 - INFO - Story 48842ad9-9bf5-4d7b-a95a-d67c6569ad70 對應到 10 篇文章
2025-08-20 09:41:27,084 - INFO - 跳過 Story 48842ad9-9bf5-4d7b-a95a-d67c6569ad70 - 文章數無變化 (10)
2025-08-20 09:41:27,288 - INFO - Story b4079db5-b56f-4749-ab1e-4ebd5e05cd35 對應到 10 篇文章
2025-08-20 09:41:27,289 - INFO - 跳過 Story b4079db5-b56f-4749-ab1e-4ebd5e05cd35 - 文章數無變化 (10)
2025-08-20 09:41:27,400 - INFO - Story 4a323410-42ae-446a-bf81-188b8b4c23e8 對應到 9 篇文章
2025-08-20 09:41:27,400 - INFO - 跳過 Story 4a323410-42ae-446a-bf81-188b8b4c23e8 - 文章數無變化 (9)
2025-08-20 09:41:27,515 - INFO - Story 23cc727a-4ef4-4d06-89fb-22e2fb9d6ff1 對應到 10 篇文章
2025-08-20 09:41:27,515 - INFO - 跳過 Story 23cc727a-4ef4-4d06-89fb-22e2fb9d6ff1 - 文章數無變化 (10)
2025-08-20 09:41:27,625 - INFO - Story 8475d517-5182-42d9-9bd6-3b03645a7898 對應到 6 篇文章
2025-08-20 09:41:27,626 - INFO - 跳過 Story 8475d517-5182-42d9-9bd6-3b03645a7898 - 文章數無變化 (6)
2025-08-20 09:41:27,720 - INFO - Story 0b114465-2414-4be9-87e3-3d697232909d 對應到 10 篇文章
2025-08-20 09:41:27,720 - INFO - 跳過 Story 0b114465-2414-4be9-87e3-3d697232909d - 文章數無變化 (10)
2025-08-20 09:41:27,826 - INFO - Story fc5ffd83-3d88-4ac1-a29b-bd5e2e4756d6 對應到 7 篇文章
2025-08-20 09:41:27,826 - INFO - 跳過 Story fc5ffd83-3d88-4ac1-a29b-bd5e2e4756d6 - 文章數無變化 (7)
2025-08-20 09:41:27,930 - INFO - Story 0fb6826d-f484-4c62-8cee-da27b1453309 對應到 7 篇文章
2025-08-20 09:41:27,930 - INFO - 跳過 Story 0fb6826d-f484-4c62-8cee-da27b1453309 - 文章數無變化 (7)
2025-08-20 09:41:28,031 - INFO - Story 112bf5c8-d4d2-4ddf-96b0-a216180ae913 對應到 4 篇文章
2025-08-20 09:41:28,031 - INFO - 跳過 Story 112bf5c8-d4d2-4ddf-96b0-a216180ae913 - 文章數無變化 (4)
2025-08-20 09:41:28,132 - INFO - Story 99738861-f007-4d04-b9ef-5c02b55ac8d2 對應到 4 篇文章
2025-08-20 09:41:28,132 - INFO - 跳過 Story 99738861-f007-4d04-b9ef-5c02b55ac8d2 - 文章數無變化 (4)
2025-08-20 09:41:28,228 - INFO - Story 2e646e5e-47d6-46e7-b686-aeda106f2c87 對應到 5 篇文章
2025-08-20 09:41:28,228 - INFO - 跳過 Story 2e646e5e-47d6-46e7-b686-aeda106f2c87 - 文章數無變化 (5)
2025-08-20 09:41:28,323 - INFO - Story e0d5374d-c100-4fb3-91a6-9cc63112c12e 對應到 9 篇文章
2025-08-20 09:41:28,323 - INFO - 跳過 Story e0d5374d-c100-4fb3-91a6-9cc63112c12e - 文章數無變化 (9)
2025-08-20 09:41:28,429 - INFO - Story 36eebd3c-a1c4-4002-901f-9bf810c305b7 對應到 10 篇文章
2025-08-20 09:41:28,429 - INFO - 跳過 Story 36eebd3c-a1c4-4002-901f-9bf810c305b7 - 文章數無變化 (10)
2025-08-20 09:41:28,525 - INFO - Story db373fed-e732-466b-b99f-5a94fc0ea1f8 對應到 9 篇文章
2025-08-20 09:41:28,525 - INFO - 跳過 Story db373fed-e732-466b-b99f-5a94fc0ea1f8 - 文章數無變化 (9)
2025-08-20 09:41:28,636 - INFO - Story f2ce1c7b-d745-412e-8b26-1c6f103c9a33 對應到 6 篇文章
2025-08-20 09:41:28,636 - INFO - 跳過 Story f2ce1c7b-d745-412e-8b26-1c6f103c9a33 - 文章數無變化 (6)
2025-08-20 09:41:28,765 - INFO - Story 90a2287c-3d78-4582-a04c-a0ae4c65e2e3 對應到 10 篇文章
2025-08-20 09:41:28,766 - INFO - 跳過 Story 90a2287c-3d78-4582-a04c-a0ae4c65e2e3 - 文章數無變化 (10)
2025-08-20 09:41:28,865 - INFO - Story 7a5050ca-abb7-4b84-b144-8d3bd2eb763d 對應到 9 篇文章
2025-08-20 09:41:28,865 - INFO - 跳過 Story 7a5050ca-abb7-4b84-b144-8d3bd2eb763d - 文章數無變化 (9)
2025-08-20 09:41:29,009 - INFO - Story c385b0c0-105d-4b4c-a882-1ce931c47816 對應到 9 篇文章
2025-08-20 09:41:29,009 - INFO - 跳過 Story c385b0c0-105d-4b4c-a882-1ce931c47816 - 文章數無變化 (9)
2025-08-20 09:41:29,104 - INFO - Story e1ea4787-28a7-4716-892b-d3dbed3f70d4 對應到 10 篇文章
2025-08-20 09:41:29,105 - INFO - 跳過 Story e1ea4787-28a7-4716-892b-d3dbed3f70d4 - 文章數無變化 (10)
2025-08-20 09:41:29,211 - INFO - Story 01340d25-6ef4-4d9d-8588-02a26c8dfc9d 對應到 10 篇文章
2025-08-20 09:41:29,212 - INFO - 跳過 Story 01340d25-6ef4-4d9d-8588-02a26c8dfc9d - 文章數無變化 (10)
2025-08-20 09:41:29,313 - INFO - Story db5a6195-d34d-459f-b1e7-3c488638deef 對應到 9 篇文章
2025-08-20 09:41:29,313 - INFO - 跳過 Story db5a6195-d34d-459f-b1e7-3c488638deef - 文章數無變化 (9)
2025-08-20 09:41:29,412 - INFO - Story 8402df04-827e-4d5e-8695-cc575dd94fa8 對應到 9 篇文章
2025-08-20 09:41:29,412 - INFO - 跳過 Story 8402df04-827e-4d5e-8695-cc575dd94fa8 - 文章數無變化 (9)
2025-08-20 09:41:29,520 - INFO - Story e528a44c-80ec-41a4-9103-2f27061730f8 對應到 10 篇文章
2025-08-20 09:41:29,520 - INFO - 跳過 Story e528a44c-80ec-41a4-9103-2f27061730f8 - 文章數無變化 (10)
2025-08-20 09:41:29,621 - INFO - Story a99e7fe3-70c2-41ab-a29b-7db487cabcfb 對應到 4 篇文章
2025-08-20 09:41:29,621 - INFO - 跳過 Story a99e7fe3-70c2-41ab-a29b-7db487cabcfb - 文章數無變化 (4)
2025-08-20 09:41:29,720 - INFO - Story 3a33b063-b707-4b09-a26d-41ed85d9a19d 對應到 8 篇文章
2025-08-20 09:41:29,721 - INFO - 跳過 Story 3a33b063-b707-4b09-a26d-41ed85d9a19d - 文章數無變化 (8)
2025-08-20 09:41:29,888 - INFO - Story ba646e3e-4277-4f29-a690-7e9d4dfc12ab 對應到 9 篇文章
2025-08-20 09:41:29,888 - INFO - 跳過 Story ba646e3e-4277-4f29-a690-7e9d4dfc12ab - 文章數無變化 (9)
2025-08-20 09:41:30,055 - INFO - Story e138a566-a135-476d-93cc-2cfcbc0439db 對應到 10 篇文章
2025-08-20 09:41:30,056 - INFO - 跳過 Story e138a566-a135-476d-93cc-2cfcbc0439db - 文章數無變化 (10)
2025-08-20 09:41:30,152 - INFO - Story efb0ff42-7665-4852-97a0-0d5cf7a2a526 對應到 9 篇文章
2025-08-20 09:41:30,153 - INFO - 跳過 Story efb0ff42-7665-4852-97a0-0d5cf7a2a526 - 文章數無變化 (9)
2025-08-20 09:41:30,242 - INFO - Story 2d1190f5-5173-4632-8540-9dd86d6c9aec 對應到 10 篇文章
2025-08-20 09:41:30,242 - INFO - 跳過 Story 2d1190f5-5173-4632-8540-9dd86d6c9aec - 文章數無變化 (10)
2025-08-20 09:41:30,343 - INFO - Story bae8ffcb-ab38-4d0a-a480-21c9331ee445 對應到 3 篇文章
2025-08-20 09:41:30,344 - INFO - 跳過 Story bae8ffcb-ab38-4d0a-a480-21c9331ee445 - 文章數無變化 (3)
2025-08-20 09:41:30,344 - INFO - 成功組合 1 個 stories 資料
2025-08-20 09:41:59,156 - INFO - 更新 single_news 記錄: 9bc77213-1b27-4c2d-9fcd-56fd23da3cd3
