2025-08-20 09:41:22,688 - INFO - === 開始新聞處理流程 ===
2025-08-20 09:41:30,344 - INFO - 將處理 stories 0 到 0 (共 1 個)
2025-08-20 09:41:30,344 - INFO - 
=== 處理進度: 1/1 ===
2025-08-20 09:41:30,345 - INFO - 開始處理 Story 9bc77213-1b27-4c2d-9fcd-56fd23da3cd3: 許瑋甯生了！曬出邱澤雙手捧寶寶腳丫照：「我們均安」
2025-08-20 09:41:30,345 - INFO - 處理 Story 9bc77213-1b27-4c2d-9fcd-56fd23da3cd3 的第 1/9 篇文章...
2025-08-20 09:41:31,944 - INFO - 成功處理文章: 許瑋甯當媽保密到家！ 兒子Ian出生滿月 親友收彌月才知情...
2025-08-20 09:41:32,945 - INFO - 處理 Story 9bc77213-1b27-4c2d-9fcd-56fd23da3cd3 的第 2/9 篇文章...
2025-08-20 09:41:32,946 - WARNING - 文章 be461bdf-600a-4b3a-a272-7cce6b3b1fa9 內容太短或為空
2025-08-20 09:41:33,947 - INFO - 處理 Story 9bc77213-1b27-4c2d-9fcd-56fd23da3cd3 的第 3/9 篇文章...
2025-08-20 09:41:35,181 - INFO - 成功處理文章: 許瑋甯生了！ 一家三口「母子都平安」...
2025-08-20 09:41:36,181 - INFO - 處理 Story 9bc77213-1b27-4c2d-9fcd-56fd23da3cd3 的第 4/9 篇文章...
2025-08-20 09:41:37,679 - INFO - 成功處理文章: 許瑋甯生了！IG曬萌照分享喜悅「母子均安」 寶寶腳印卡也曝光...
2025-08-20 09:41:38,680 - INFO - 處理 Story 9bc77213-1b27-4c2d-9fcd-56fd23da3cd3 的第 5/9 篇文章...
2025-08-20 09:41:39,897 - INFO - 成功處理文章: 快訊／邱澤當爸首發聲「寶寶性別曝光」　親自報喜藏亮點：很溫暖...
2025-08-20 09:41:40,898 - INFO - 處理 Story 9bc77213-1b27-4c2d-9fcd-56fd23da3cd3 的第 6/9 篇文章...
2025-08-20 09:41:42,100 - INFO - 成功處理文章: 許瑋甯生了！與邱澤迎來第一個愛的結晶，曬照報平安...
2025-08-20 09:41:43,101 - INFO - 處理 Story 9bc77213-1b27-4c2d-9fcd-56fd23da3cd3 的第 7/9 篇文章...
2025-08-20 09:41:44,070 - INFO - 成功處理文章: 快訊／許瑋甯報喜「均安」寶寶誕生 邱澤當爸！9字曝歡喜心聲...
2025-08-20 09:41:45,071 - INFO - 處理 Story 9bc77213-1b27-4c2d-9fcd-56fd23da3cd3 的第 8/9 篇文章...
2025-08-20 09:41:46,275 - INFO - 成功處理文章: 「我們均安」許瑋甯生了！ 社群曬一家三口甜照宣布升格當爸媽...
2025-08-20 09:41:47,275 - INFO - 處理 Story 9bc77213-1b27-4c2d-9fcd-56fd23da3cd3 的第 9/9 篇文章...
2025-08-20 09:41:48,592 - INFO - 成功處理文章: 許瑋甯生了！ 母子「均安」邱澤雙喜臨門...
2025-08-20 09:41:49,594 - INFO - Story 9bc77213-1b27-4c2d-9fcd-56fd23da3cd3 處理完成: 成功 8/9 篇
2025-08-20 09:41:49,594 - INFO - === 新聞處理流程完成 ===
