2025-08-29 21:08:48,171 - INFO - 準備處理 107 個 stories（包含個別摘要與綜合報導）
2025-08-29 21:08:48,172 - INFO - 處理範圍: 索引 0-106
2025-08-29 21:08:48,172 - INFO - 
============================================================
2025-08-29 21:08:48,173 - INFO - 處理 Story 1/107
2025-08-29 21:08:48,173 - INFO - ============================================================
2025-08-29 21:08:48,174 - INFO - 開始處理 Story 07060043-db57-4544-a9ab-9d42914a306a - 10 篇文章
2025-08-29 21:08:48,175 - INFO - 生成綜合報導
2025-08-29 21:08:48,176 - INFO - 生成綜合報導 - 專題：07060043-db57-4544-a9ab-9d42914a306a
2025-08-29 21:08:58,814 - INFO - ✅ 綜合報導（多版本）生成成功
2025-08-29 21:08:58,817 - INFO - Story 07060043-db57-4544-a9ab-9d42914a306a 處理完成
2025-08-29 21:08:58,817 - INFO - ✅ Story 1 處理成功
2025-08-29 21:08:58,818 - INFO - 
============================================================
2025-08-29 21:08:58,818 - INFO - 處理 Story 2/107
2025-08-29 21:08:58,818 - INFO - ============================================================
2025-08-29 21:08:58,818 - INFO - 開始處理 Story b42ff3a8-26de-479d-8ff2-f76d538ea72f - 9 篇文章
2025-08-29 21:08:58,818 - INFO - 生成綜合報導
2025-08-29 21:08:58,819 - INFO - 生成綜合報導 - 專題：b42ff3a8-26de-479d-8ff2-f76d538ea72f
2025-08-29 21:09:09,054 - INFO - ✅ 綜合報導（多版本）生成成功
2025-08-29 21:09:09,055 - INFO - Story b42ff3a8-26de-479d-8ff2-f76d538ea72f 處理完成
2025-08-29 21:09:09,055 - INFO - ✅ Story 2 處理成功
2025-08-29 21:09:09,056 - INFO - 
============================================================
2025-08-29 21:09:09,056 - INFO - 處理 Story 3/107
2025-08-29 21:09:09,056 - INFO - ============================================================
2025-08-29 21:09:09,056 - INFO - 開始處理 Story f8544339-e368-4668-b820-5c83046f654e - 8 篇文章
2025-08-29 21:09:09,057 - INFO - 生成綜合報導
2025-08-29 21:09:09,057 - INFO - 生成綜合報導 - 專題：f8544339-e368-4668-b820-5c83046f654e
2025-08-29 21:09:19,160 - INFO - ✅ 綜合報導（多版本）生成成功
2025-08-29 21:09:19,161 - INFO - Story f8544339-e368-4668-b820-5c83046f654e 處理完成
2025-08-29 21:09:19,161 - INFO - ✅ Story 3 處理成功
2025-08-29 21:09:19,161 - INFO - 
============================================================
2025-08-29 21:09:19,162 - INFO - 處理 Story 4/107
2025-08-29 21:09:19,162 - INFO - ============================================================
2025-08-29 21:09:19,162 - INFO - 開始處理 Story 333f5788-f0f0-4560-ba11-6d136d6b7e89 - 9 篇文章
2025-08-29 21:09:19,163 - INFO - 生成綜合報導
2025-08-29 21:09:19,163 - INFO - 生成綜合報導 - 專題：333f5788-f0f0-4560-ba11-6d136d6b7e89
2025-08-29 21:09:28,462 - INFO - ✅ 綜合報導（多版本）生成成功
2025-08-29 21:09:28,463 - INFO - Story 333f5788-f0f0-4560-ba11-6d136d6b7e89 處理完成
2025-08-29 21:09:28,463 - INFO - ✅ Story 4 處理成功
2025-08-29 21:09:28,463 - INFO - 
============================================================
2025-08-29 21:09:28,464 - INFO - 處理 Story 5/107
2025-08-29 21:09:28,464 - INFO - ============================================================
2025-08-29 21:09:28,464 - INFO - 開始處理 Story 6578d4c2-f396-455e-9e38-8eaf66852c7a - 8 篇文章
2025-08-29 21:09:28,465 - INFO - 生成綜合報導
2025-08-29 21:09:28,465 - INFO - 生成綜合報導 - 專題：6578d4c2-f396-455e-9e38-8eaf66852c7a
2025-08-29 21:09:37,728 - INFO - ✅ 綜合報導（多版本）生成成功
2025-08-29 21:09:37,729 - INFO - Story 6578d4c2-f396-455e-9e38-8eaf66852c7a 處理完成
2025-08-29 21:09:37,729 - INFO - ✅ Story 5 處理成功
2025-08-29 21:09:37,729 - INFO - 
============================================================
2025-08-29 21:09:37,730 - INFO - 處理 Story 6/107
2025-08-29 21:09:37,730 - INFO - ============================================================
2025-08-29 21:09:37,730 - INFO - 開始處理 Story acb286cf-63f7-4c93-af73-f973cffe3c4b - 9 篇文章
2025-08-29 21:09:37,731 - INFO - 生成綜合報導
2025-08-29 21:09:37,731 - INFO - 生成綜合報導 - 專題：acb286cf-63f7-4c93-af73-f973cffe3c4b
2025-08-29 21:09:46,916 - INFO - ✅ 綜合報導（多版本）生成成功
2025-08-29 21:09:46,916 - INFO - Story acb286cf-63f7-4c93-af73-f973cffe3c4b 處理完成
2025-08-29 21:09:46,916 - INFO - ✅ Story 6 處理成功
2025-08-29 21:09:46,916 - INFO - 
============================================================
2025-08-29 21:09:46,917 - INFO - 處理 Story 7/107
2025-08-29 21:09:46,917 - INFO - ============================================================
2025-08-29 21:09:46,917 - INFO - 開始處理 Story a208819b-e83d-459c-b591-14ef1623cb61 - 4 篇文章
2025-08-29 21:09:46,917 - INFO - 生成綜合報導
2025-08-29 21:09:46,917 - INFO - 生成綜合報導 - 專題：a208819b-e83d-459c-b591-14ef1623cb61
2025-08-29 21:09:56,356 - INFO - ✅ 綜合報導（多版本）生成成功
2025-08-29 21:09:56,357 - INFO - Story a208819b-e83d-459c-b591-14ef1623cb61 處理完成
2025-08-29 21:09:56,357 - INFO - ✅ Story 7 處理成功
2025-08-29 21:09:56,357 - INFO - 
============================================================
2025-08-29 21:09:56,358 - INFO - 處理 Story 8/107
2025-08-29 21:09:56,358 - INFO - ============================================================
2025-08-29 21:09:56,358 - INFO - 開始處理 Story 5f35af7e-b917-415d-981b-47e04c205f4a - 8 篇文章
2025-08-29 21:09:56,358 - INFO - 生成綜合報導
2025-08-29 21:09:56,359 - INFO - 生成綜合報導 - 專題：5f35af7e-b917-415d-981b-47e04c205f4a
2025-08-29 21:10:04,813 - INFO - ✅ 綜合報導（多版本）生成成功
2025-08-29 21:10:04,814 - INFO - Story 5f35af7e-b917-415d-981b-47e04c205f4a 處理完成
2025-08-29 21:10:04,814 - INFO - ✅ Story 8 處理成功
2025-08-29 21:10:04,814 - INFO - 
============================================================
2025-08-29 21:10:04,814 - INFO - 處理 Story 9/107
2025-08-29 21:10:04,815 - INFO - ============================================================
2025-08-29 21:10:04,815 - INFO - 開始處理 Story 27a3b17f-5995-4240-a60a-edac254c032a - 2 篇文章
2025-08-29 21:10:04,815 - INFO - 生成綜合報導
2025-08-29 21:10:04,816 - INFO - 生成綜合報導 - 專題：27a3b17f-5995-4240-a60a-edac254c032a
2025-08-29 21:10:13,430 - INFO - ✅ 綜合報導（多版本）生成成功
2025-08-29 21:10:13,431 - INFO - Story 27a3b17f-5995-4240-a60a-edac254c032a 處理完成
2025-08-29 21:10:13,431 - INFO - ✅ Story 9 處理成功
2025-08-29 21:10:13,432 - INFO - 
============================================================
2025-08-29 21:10:13,432 - INFO - 處理 Story 10/107
2025-08-29 21:10:13,433 - INFO - ============================================================
2025-08-29 21:10:13,434 - INFO - 開始處理 Story 020e8536-dc41-4bc3-a3e7-80da570350dc - 7 篇文章
2025-08-29 21:10:13,434 - INFO - 生成綜合報導
2025-08-29 21:10:13,435 - INFO - 生成綜合報導 - 專題：020e8536-dc41-4bc3-a3e7-80da570350dc
2025-08-29 21:10:22,710 - INFO - ✅ 綜合報導（多版本）生成成功
2025-08-29 21:10:22,710 - INFO - Story 020e8536-dc41-4bc3-a3e7-80da570350dc 處理完成
2025-08-29 21:10:22,710 - INFO - ✅ Story 10 處理成功
2025-08-29 21:10:22,710 - INFO - 
============================================================
2025-08-29 21:10:22,711 - INFO - 處理 Story 11/107
2025-08-29 21:10:22,711 - INFO - ============================================================
2025-08-29 21:10:22,711 - INFO - 開始處理 Story 11165195-1d49-4fa1-9326-d8238003cbc2 - 9 篇文章
2025-08-29 21:10:22,711 - INFO - 生成綜合報導
2025-08-29 21:10:22,712 - INFO - 生成綜合報導 - 專題：11165195-1d49-4fa1-9326-d8238003cbc2
2025-08-29 21:10:32,269 - INFO - ✅ 綜合報導（多版本）生成成功
2025-08-29 21:10:32,269 - INFO - Story 11165195-1d49-4fa1-9326-d8238003cbc2 處理完成
2025-08-29 21:10:32,269 - INFO - ✅ Story 11 處理成功
2025-08-29 21:10:32,270 - INFO - 
============================================================
2025-08-29 21:10:32,270 - INFO - 處理 Story 12/107
2025-08-29 21:10:32,270 - INFO - ============================================================
2025-08-29 21:10:32,271 - INFO - 開始處理 Story 154e96e3-ad3b-4268-8f8f-62155746ccd2 - 9 篇文章
2025-08-29 21:10:32,271 - INFO - 生成綜合報導
2025-08-29 21:10:32,271 - INFO - 生成綜合報導 - 專題：154e96e3-ad3b-4268-8f8f-62155746ccd2
2025-08-29 21:10:41,720 - INFO - ✅ 綜合報導（多版本）生成成功
2025-08-29 21:10:41,721 - INFO - Story 154e96e3-ad3b-4268-8f8f-62155746ccd2 處理完成
2025-08-29 21:10:41,721 - INFO - ✅ Story 12 處理成功
2025-08-29 21:10:41,722 - INFO - 
============================================================
2025-08-29 21:10:41,722 - INFO - 處理 Story 13/107
2025-08-29 21:10:41,722 - INFO - ============================================================
2025-08-29 21:10:41,723 - INFO - 開始處理 Story 1892c8f1-8fa6-4313-9751-20769e72c728 - 5 篇文章
2025-08-29 21:10:41,723 - INFO - 生成綜合報導
2025-08-29 21:10:41,724 - INFO - 生成綜合報導 - 專題：1892c8f1-8fa6-4313-9751-20769e72c728
2025-08-29 21:10:50,197 - INFO - ✅ 綜合報導（多版本）生成成功
2025-08-29 21:10:50,198 - INFO - Story 1892c8f1-8fa6-4313-9751-20769e72c728 處理完成
2025-08-29 21:10:50,198 - INFO - ✅ Story 13 處理成功
2025-08-29 21:10:50,198 - INFO - 
============================================================
2025-08-29 21:10:50,199 - INFO - 處理 Story 14/107
2025-08-29 21:10:50,199 - INFO - ============================================================
2025-08-29 21:10:50,199 - INFO - 開始處理 Story a355a100-6899-459c-a2bf-c20c4a5268d9 - 10 篇文章
2025-08-29 21:10:50,200 - INFO - 生成綜合報導
2025-08-29 21:10:50,200 - INFO - 生成綜合報導 - 專題：a355a100-6899-459c-a2bf-c20c4a5268d9
2025-08-29 21:10:58,720 - INFO - ✅ 綜合報導（多版本）生成成功
2025-08-29 21:10:58,720 - INFO - Story a355a100-6899-459c-a2bf-c20c4a5268d9 處理完成
2025-08-29 21:10:58,721 - INFO - ✅ Story 14 處理成功
2025-08-29 21:10:58,721 - INFO - 
============================================================
2025-08-29 21:10:58,721 - INFO - 處理 Story 15/107
2025-08-29 21:10:58,721 - INFO - ============================================================
2025-08-29 21:10:58,721 - INFO - 開始處理 Story f1b2d60a-a3d9-4313-bd22-d7f0cab7282f - 8 篇文章
2025-08-29 21:10:58,722 - INFO - 生成綜合報導
2025-08-29 21:10:58,722 - INFO - 生成綜合報導 - 專題：f1b2d60a-a3d9-4313-bd22-d7f0cab7282f
2025-08-29 21:11:07,718 - INFO - ✅ 綜合報導（多版本）生成成功
2025-08-29 21:11:07,719 - INFO - Story f1b2d60a-a3d9-4313-bd22-d7f0cab7282f 處理完成
2025-08-29 21:11:07,719 - INFO - ✅ Story 15 處理成功
2025-08-29 21:11:07,719 - INFO - 
============================================================
2025-08-29 21:11:07,719 - INFO - 處理 Story 16/107
2025-08-29 21:11:07,720 - INFO - ============================================================
2025-08-29 21:11:07,720 - INFO - 開始處理 Story 361b1cad-68cf-43b5-a7cf-c394139f4d8a - 8 篇文章
2025-08-29 21:11:07,720 - INFO - 生成綜合報導
2025-08-29 21:11:07,720 - INFO - 生成綜合報導 - 專題：361b1cad-68cf-43b5-a7cf-c394139f4d8a
2025-08-29 21:11:16,656 - INFO - ✅ 綜合報導（多版本）生成成功
2025-08-29 21:11:16,657 - INFO - Story 361b1cad-68cf-43b5-a7cf-c394139f4d8a 處理完成
2025-08-29 21:11:16,657 - INFO - ✅ Story 16 處理成功
2025-08-29 21:11:16,657 - INFO - 
============================================================
2025-08-29 21:11:16,657 - INFO - 處理 Story 17/107
2025-08-29 21:11:16,658 - INFO - ============================================================
2025-08-29 21:11:16,658 - INFO - 開始處理 Story 5186e815-d246-4ff8-9539-1e2e1d2ad364 - 8 篇文章
2025-08-29 21:11:16,658 - INFO - 生成綜合報導
2025-08-29 21:11:16,658 - INFO - 生成綜合報導 - 專題：5186e815-d246-4ff8-9539-1e2e1d2ad364
2025-08-29 21:11:25,889 - INFO - ✅ 綜合報導（多版本）生成成功
2025-08-29 21:11:25,889 - INFO - Story 5186e815-d246-4ff8-9539-1e2e1d2ad364 處理完成
2025-08-29 21:11:25,889 - INFO - ✅ Story 17 處理成功
2025-08-29 21:11:25,890 - INFO - 
============================================================
2025-08-29 21:11:25,890 - INFO - 處理 Story 18/107
2025-08-29 21:11:25,890 - INFO - ============================================================
2025-08-29 21:11:25,890 - INFO - 開始處理 Story a195f356-7b6b-4fee-8bf5-156295887d0d - 9 篇文章
2025-08-29 21:11:25,890 - INFO - 生成綜合報導
2025-08-29 21:11:25,890 - INFO - 生成綜合報導 - 專題：a195f356-7b6b-4fee-8bf5-156295887d0d
2025-08-29 21:11:35,102 - INFO - ✅ 綜合報導（多版本）生成成功
2025-08-29 21:11:35,102 - INFO - Story a195f356-7b6b-4fee-8bf5-156295887d0d 處理完成
2025-08-29 21:11:35,102 - INFO - ✅ Story 18 處理成功
2025-08-29 21:11:35,103 - INFO - 
============================================================
2025-08-29 21:11:35,103 - INFO - 處理 Story 19/107
2025-08-29 21:11:35,103 - INFO - ============================================================
2025-08-29 21:11:35,103 - INFO - 開始處理 Story 2c25dd8e-48fd-4215-bc55-cc1a00adbd99 - 9 篇文章
2025-08-29 21:11:35,103 - INFO - 生成綜合報導
2025-08-29 21:11:35,103 - INFO - 生成綜合報導 - 專題：2c25dd8e-48fd-4215-bc55-cc1a00adbd99
2025-08-29 21:11:43,995 - INFO - ✅ 綜合報導（多版本）生成成功
2025-08-29 21:11:43,995 - INFO - Story 2c25dd8e-48fd-4215-bc55-cc1a00adbd99 處理完成
2025-08-29 21:11:43,995 - INFO - ✅ Story 19 處理成功
2025-08-29 21:11:43,996 - INFO - 
============================================================
2025-08-29 21:11:43,996 - INFO - 處理 Story 20/107
2025-08-29 21:11:43,996 - INFO - ============================================================
2025-08-29 21:11:43,996 - INFO - 開始處理 Story 7b6b5463-41f2-43c5-be25-41366b709073 - 8 篇文章
2025-08-29 21:11:43,997 - INFO - 生成綜合報導
2025-08-29 21:11:43,997 - INFO - 生成綜合報導 - 專題：7b6b5463-41f2-43c5-be25-41366b709073
2025-08-29 21:11:52,770 - INFO - ✅ 綜合報導（多版本）生成成功
2025-08-29 21:11:52,770 - INFO - Story 7b6b5463-41f2-43c5-be25-41366b709073 處理完成
2025-08-29 21:11:52,771 - INFO - ✅ Story 20 處理成功
2025-08-29 21:11:52,772 - INFO - 
============================================================
2025-08-29 21:11:52,772 - INFO - 處理 Story 21/107
2025-08-29 21:11:52,773 - INFO - ============================================================
2025-08-29 21:11:52,774 - INFO - 開始處理 Story 49cc9305-cba6-4f6b-a5b9-5b85a9563000 - 8 篇文章
2025-08-29 21:11:52,774 - INFO - 生成綜合報導
2025-08-29 21:11:52,775 - INFO - 生成綜合報導 - 專題：49cc9305-cba6-4f6b-a5b9-5b85a9563000
2025-08-29 21:12:01,530 - INFO - ✅ 綜合報導（多版本）生成成功
2025-08-29 21:12:01,530 - INFO - Story 49cc9305-cba6-4f6b-a5b9-5b85a9563000 處理完成
2025-08-29 21:12:01,530 - INFO - ✅ Story 21 處理成功
2025-08-29 21:12:01,531 - INFO - 
============================================================
2025-08-29 21:12:01,531 - INFO - 處理 Story 22/107
2025-08-29 21:12:01,531 - INFO - ============================================================
2025-08-29 21:12:01,531 - INFO - 開始處理 Story 2d1206cd-41f0-4c34-8c0a-30d5dae60fe7 - 8 篇文章
2025-08-29 21:12:01,531 - INFO - 生成綜合報導
2025-08-29 21:12:01,532 - INFO - 生成綜合報導 - 專題：2d1206cd-41f0-4c34-8c0a-30d5dae60fe7
2025-08-29 21:12:10,341 - INFO - ✅ 綜合報導（多版本）生成成功
2025-08-29 21:12:10,342 - INFO - Story 2d1206cd-41f0-4c34-8c0a-30d5dae60fe7 處理完成
2025-08-29 21:12:10,342 - INFO - ✅ Story 22 處理成功
2025-08-29 21:12:10,342 - INFO - 
============================================================
2025-08-29 21:12:10,343 - INFO - 處理 Story 23/107
2025-08-29 21:12:10,343 - INFO - ============================================================
2025-08-29 21:12:10,343 - INFO - 開始處理 Story 9c904e36-d4da-4c90-b34e-a4ea95985879 - 9 篇文章
2025-08-29 21:12:10,344 - INFO - 生成綜合報導
2025-08-29 21:12:10,344 - INFO - 生成綜合報導 - 專題：9c904e36-d4da-4c90-b34e-a4ea95985879
2025-08-29 21:12:19,662 - INFO - ✅ 綜合報導（多版本）生成成功
2025-08-29 21:12:19,662 - INFO - Story 9c904e36-d4da-4c90-b34e-a4ea95985879 處理完成
2025-08-29 21:12:19,662 - INFO - ✅ Story 23 處理成功
2025-08-29 21:12:19,663 - INFO - 
============================================================
2025-08-29 21:12:19,663 - INFO - 處理 Story 24/107
2025-08-29 21:12:19,663 - INFO - ============================================================
2025-08-29 21:12:19,663 - INFO - 開始處理 Story 518f1cd2-05ed-41f1-bf2c-f8683f996ae0 - 9 篇文章
2025-08-29 21:12:19,663 - INFO - 生成綜合報導
2025-08-29 21:12:19,664 - INFO - 生成綜合報導 - 專題：518f1cd2-05ed-41f1-bf2c-f8683f996ae0
2025-08-29 21:12:28,291 - INFO - ✅ 綜合報導（多版本）生成成功
2025-08-29 21:12:28,292 - INFO - Story 518f1cd2-05ed-41f1-bf2c-f8683f996ae0 處理完成
2025-08-29 21:12:28,292 - INFO - ✅ Story 24 處理成功
2025-08-29 21:12:28,292 - INFO - 
============================================================
2025-08-29 21:12:28,293 - INFO - 處理 Story 25/107
2025-08-29 21:12:28,293 - INFO - ============================================================
2025-08-29 21:12:28,293 - INFO - 開始處理 Story e054e7af-b6ef-4c83-8501-c37cef2630fa - 9 篇文章
2025-08-29 21:12:28,293 - INFO - 生成綜合報導
2025-08-29 21:12:28,293 - INFO - 生成綜合報導 - 專題：e054e7af-b6ef-4c83-8501-c37cef2630fa
2025-08-29 21:12:37,521 - INFO - ✅ 綜合報導（多版本）生成成功
2025-08-29 21:12:37,522 - INFO - Story e054e7af-b6ef-4c83-8501-c37cef2630fa 處理完成
2025-08-29 21:12:37,522 - INFO - ✅ Story 25 處理成功
2025-08-29 21:12:37,522 - INFO - 
============================================================
2025-08-29 21:12:37,522 - INFO - 處理 Story 26/107
2025-08-29 21:12:37,523 - INFO - ============================================================
2025-08-29 21:12:37,523 - INFO - 開始處理 Story efc6b89b-0e0d-4a37-b893-a5a1515357be - 8 篇文章
2025-08-29 21:12:37,523 - INFO - 生成綜合報導
2025-08-29 21:12:37,524 - INFO - 生成綜合報導 - 專題：efc6b89b-0e0d-4a37-b893-a5a1515357be
2025-08-29 21:12:47,062 - INFO - ✅ 綜合報導（多版本）生成成功
2025-08-29 21:12:47,062 - INFO - Story efc6b89b-0e0d-4a37-b893-a5a1515357be 處理完成
2025-08-29 21:12:47,062 - INFO - ✅ Story 26 處理成功
2025-08-29 21:12:47,063 - INFO - 
============================================================
2025-08-29 21:12:47,063 - INFO - 處理 Story 27/107
2025-08-29 21:12:47,064 - INFO - ============================================================
2025-08-29 21:12:47,064 - INFO - 開始處理 Story 9edf3b98-8a26-4721-845c-ac87679565e6 - 9 篇文章
2025-08-29 21:12:47,064 - INFO - 生成綜合報導
2025-08-29 21:12:47,064 - INFO - 生成綜合報導 - 專題：9edf3b98-8a26-4721-845c-ac87679565e6
2025-08-29 21:12:55,608 - INFO - ✅ 綜合報導（多版本）生成成功
2025-08-29 21:12:55,608 - INFO - Story 9edf3b98-8a26-4721-845c-ac87679565e6 處理完成
2025-08-29 21:12:55,608 - INFO - ✅ Story 27 處理成功
2025-08-29 21:12:55,608 - INFO - 
============================================================
2025-08-29 21:12:55,609 - INFO - 處理 Story 28/107
2025-08-29 21:12:55,609 - INFO - ============================================================
2025-08-29 21:12:55,609 - INFO - 開始處理 Story bc5322ad-2614-4c03-a702-d9583a9be221 - 8 篇文章
2025-08-29 21:12:55,609 - INFO - 生成綜合報導
2025-08-29 21:12:55,609 - INFO - 生成綜合報導 - 專題：bc5322ad-2614-4c03-a702-d9583a9be221
2025-08-29 21:13:03,804 - INFO - ✅ 綜合報導（多版本）生成成功
2025-08-29 21:13:03,804 - INFO - Story bc5322ad-2614-4c03-a702-d9583a9be221 處理完成
2025-08-29 21:13:03,805 - INFO - ✅ Story 28 處理成功
2025-08-29 21:13:03,805 - INFO - 
============================================================
2025-08-29 21:13:03,805 - INFO - 處理 Story 29/107
2025-08-29 21:13:03,805 - INFO - ============================================================
2025-08-29 21:13:03,805 - INFO - 開始處理 Story 158ff798-8eed-4fb4-b776-788eaf6813b3 - 10 篇文章
2025-08-29 21:13:03,806 - INFO - 生成綜合報導
2025-08-29 21:13:03,806 - INFO - 生成綜合報導 - 專題：158ff798-8eed-4fb4-b776-788eaf6813b3
2025-08-29 21:13:12,798 - INFO - ✅ 綜合報導（多版本）生成成功
2025-08-29 21:13:12,799 - INFO - Story 158ff798-8eed-4fb4-b776-788eaf6813b3 處理完成
2025-08-29 21:13:12,799 - INFO - ✅ Story 29 處理成功
2025-08-29 21:13:12,799 - INFO - 
============================================================
2025-08-29 21:13:12,800 - INFO - 處理 Story 30/107
2025-08-29 21:13:12,800 - INFO - ============================================================
2025-08-29 21:13:12,800 - INFO - 開始處理 Story cfa09e9e-65f2-4119-828a-7b7dc8b79060 - 8 篇文章
2025-08-29 21:13:12,800 - INFO - 生成綜合報導
2025-08-29 21:13:12,801 - INFO - 生成綜合報導 - 專題：cfa09e9e-65f2-4119-828a-7b7dc8b79060
2025-08-29 21:13:21,501 - INFO - ✅ 綜合報導（多版本）生成成功
2025-08-29 21:13:21,501 - INFO - Story cfa09e9e-65f2-4119-828a-7b7dc8b79060 處理完成
2025-08-29 21:13:21,502 - INFO - ✅ Story 30 處理成功
2025-08-29 21:13:21,502 - INFO - 
============================================================
2025-08-29 21:13:21,502 - INFO - 處理 Story 31/107
2025-08-29 21:13:21,502 - INFO - ============================================================
2025-08-29 21:13:21,503 - INFO - 開始處理 Story 0b86a8b8-e24b-4397-9e49-f2b4dcf75c58 - 4 篇文章
2025-08-29 21:13:21,503 - INFO - 生成綜合報導
2025-08-29 21:13:21,503 - INFO - 生成綜合報導 - 專題：0b86a8b8-e24b-4397-9e49-f2b4dcf75c58
2025-08-29 21:13:30,000 - INFO - ✅ 綜合報導（多版本）生成成功
2025-08-29 21:13:30,001 - INFO - Story 0b86a8b8-e24b-4397-9e49-f2b4dcf75c58 處理完成
2025-08-29 21:13:30,001 - INFO - ✅ Story 31 處理成功
2025-08-29 21:13:30,001 - INFO - 
============================================================
2025-08-29 21:13:30,001 - INFO - 處理 Story 32/107
2025-08-29 21:13:30,001 - INFO - ============================================================
2025-08-29 21:13:30,001 - INFO - 開始處理 Story 0cbfa4a6-700b-457e-9776-a784022cdbbe - 1 篇文章
2025-08-29 21:13:30,002 - INFO - 生成綜合報導
2025-08-29 21:13:30,002 - INFO - 生成綜合報導 - 專題：0cbfa4a6-700b-457e-9776-a784022cdbbe
2025-08-29 21:13:38,954 - INFO - ✅ 綜合報導（多版本）生成成功
2025-08-29 21:13:38,954 - INFO - Story 0cbfa4a6-700b-457e-9776-a784022cdbbe 處理完成
2025-08-29 21:13:38,954 - INFO - ✅ Story 32 處理成功
2025-08-29 21:13:38,954 - INFO - 
============================================================
2025-08-29 21:13:38,955 - INFO - 處理 Story 33/107
2025-08-29 21:13:38,955 - INFO - ============================================================
2025-08-29 21:13:38,955 - INFO - 開始處理 Story 78794e25-a0b6-4295-a56c-f155128084df - 9 篇文章
2025-08-29 21:13:38,955 - INFO - 生成綜合報導
2025-08-29 21:13:38,955 - INFO - 生成綜合報導 - 專題：78794e25-a0b6-4295-a56c-f155128084df
2025-08-29 21:13:48,031 - INFO - ✅ 綜合報導（多版本）生成成功
2025-08-29 21:13:48,031 - INFO - Story 78794e25-a0b6-4295-a56c-f155128084df 處理完成
2025-08-29 21:13:48,032 - INFO - ✅ Story 33 處理成功
2025-08-29 21:13:48,032 - INFO - 
============================================================
2025-08-29 21:13:48,033 - INFO - 處理 Story 34/107
2025-08-29 21:13:48,033 - INFO - ============================================================
2025-08-29 21:13:48,033 - INFO - 開始處理 Story 079f2b9a-d46c-4992-8cac-6cb83ace714f - 9 篇文章
2025-08-29 21:13:48,034 - INFO - 生成綜合報導
2025-08-29 21:13:48,034 - INFO - 生成綜合報導 - 專題：079f2b9a-d46c-4992-8cac-6cb83ace714f
2025-08-29 21:13:56,198 - INFO - ✅ 綜合報導（多版本）生成成功
2025-08-29 21:13:56,198 - INFO - Story 079f2b9a-d46c-4992-8cac-6cb83ace714f 處理完成
2025-08-29 21:13:56,199 - INFO - ✅ Story 34 處理成功
2025-08-29 21:13:56,199 - INFO - 
============================================================
2025-08-29 21:13:56,199 - INFO - 處理 Story 35/107
2025-08-29 21:13:56,200 - INFO - ============================================================
2025-08-29 21:13:56,200 - INFO - 開始處理 Story 56079fcb-cd41-4791-bb14-d96dc32a60b0 - 4 篇文章
2025-08-29 21:13:56,200 - INFO - 生成綜合報導
2025-08-29 21:13:56,200 - INFO - 生成綜合報導 - 專題：56079fcb-cd41-4791-bb14-d96dc32a60b0
2025-08-29 21:14:05,685 - INFO - ✅ 綜合報導（多版本）生成成功
2025-08-29 21:14:05,686 - INFO - Story 56079fcb-cd41-4791-bb14-d96dc32a60b0 處理完成
2025-08-29 21:14:05,686 - INFO - ✅ Story 35 處理成功
2025-08-29 21:14:05,687 - INFO - 
============================================================
2025-08-29 21:14:05,687 - INFO - 處理 Story 36/107
2025-08-29 21:14:05,687 - INFO - ============================================================
2025-08-29 21:14:05,687 - INFO - 開始處理 Story e87882a3-f84e-4d53-86e2-73a4be0a03fa - 10 篇文章
2025-08-29 21:14:05,688 - INFO - 生成綜合報導
2025-08-29 21:14:05,688 - INFO - 生成綜合報導 - 專題：e87882a3-f84e-4d53-86e2-73a4be0a03fa
2025-08-29 21:14:14,607 - INFO - ✅ 綜合報導（多版本）生成成功
2025-08-29 21:14:14,608 - INFO - Story e87882a3-f84e-4d53-86e2-73a4be0a03fa 處理完成
2025-08-29 21:14:14,608 - INFO - ✅ Story 36 處理成功
2025-08-29 21:14:14,608 - INFO - 
============================================================
2025-08-29 21:14:14,609 - INFO - 處理 Story 37/107
2025-08-29 21:14:14,609 - INFO - ============================================================
2025-08-29 21:14:14,609 - INFO - 開始處理 Story b7afb03c-5fcc-4c1f-911a-29174c4ff203 - 9 篇文章
2025-08-29 21:14:14,609 - INFO - 生成綜合報導
2025-08-29 21:14:14,609 - INFO - 生成綜合報導 - 專題：b7afb03c-5fcc-4c1f-911a-29174c4ff203
2025-08-29 21:14:22,799 - INFO - ✅ 綜合報導（多版本）生成成功
2025-08-29 21:14:22,799 - INFO - Story b7afb03c-5fcc-4c1f-911a-29174c4ff203 處理完成
2025-08-29 21:14:22,800 - INFO - ✅ Story 37 處理成功
2025-08-29 21:14:22,800 - INFO - 
============================================================
2025-08-29 21:14:22,800 - INFO - 處理 Story 38/107
2025-08-29 21:14:22,801 - INFO - ============================================================
2025-08-29 21:14:22,801 - INFO - 開始處理 Story a5c68117-95d9-4a65-93a8-1e42cebbe167 - 2 篇文章
2025-08-29 21:14:22,801 - INFO - 生成綜合報導
2025-08-29 21:14:22,802 - INFO - 生成綜合報導 - 專題：a5c68117-95d9-4a65-93a8-1e42cebbe167
2025-08-29 21:14:32,233 - INFO - ✅ 綜合報導（多版本）生成成功
2025-08-29 21:14:32,234 - INFO - Story a5c68117-95d9-4a65-93a8-1e42cebbe167 處理完成
2025-08-29 21:14:32,234 - INFO - ✅ Story 38 處理成功
2025-08-29 21:14:32,234 - INFO - 
============================================================
2025-08-29 21:14:32,234 - INFO - 處理 Story 39/107
2025-08-29 21:14:32,235 - INFO - ============================================================
2025-08-29 21:14:32,235 - INFO - 開始處理 Story d0e13435-453c-4f2b-91bf-b0f9bd301148 - 8 篇文章
2025-08-29 21:14:32,236 - INFO - 生成綜合報導
2025-08-29 21:14:32,236 - INFO - 生成綜合報導 - 專題：d0e13435-453c-4f2b-91bf-b0f9bd301148
2025-08-29 21:14:41,063 - INFO - ✅ 綜合報導（多版本）生成成功
2025-08-29 21:14:41,064 - INFO - Story d0e13435-453c-4f2b-91bf-b0f9bd301148 處理完成
2025-08-29 21:14:41,064 - INFO - ✅ Story 39 處理成功
2025-08-29 21:14:41,064 - INFO - 
============================================================
2025-08-29 21:14:41,064 - INFO - 處理 Story 40/107
2025-08-29 21:14:41,065 - INFO - ============================================================
2025-08-29 21:14:41,065 - INFO - 開始處理 Story 972027b1-6c71-488a-9a50-537fc67a35ce - 10 篇文章
2025-08-29 21:14:41,065 - INFO - 生成綜合報導
2025-08-29 21:14:41,065 - INFO - 生成綜合報導 - 專題：972027b1-6c71-488a-9a50-537fc67a35ce
2025-08-29 21:14:50,813 - INFO - ✅ 綜合報導（多版本）生成成功
2025-08-29 21:14:50,813 - INFO - Story 972027b1-6c71-488a-9a50-537fc67a35ce 處理完成
2025-08-29 21:14:50,813 - INFO - ✅ Story 40 處理成功
2025-08-29 21:14:50,813 - INFO - 
============================================================
2025-08-29 21:14:50,814 - INFO - 處理 Story 41/107
2025-08-29 21:14:50,814 - INFO - ============================================================
2025-08-29 21:14:50,814 - INFO - 開始處理 Story 87ca0f65-fd2d-44b3-bb81-84286689731d - 10 篇文章
2025-08-29 21:14:50,814 - INFO - 生成綜合報導
2025-08-29 21:14:50,814 - INFO - 生成綜合報導 - 專題：87ca0f65-fd2d-44b3-bb81-84286689731d
2025-08-29 21:14:59,311 - INFO - ✅ 綜合報導（多版本）生成成功
2025-08-29 21:14:59,311 - INFO - Story 87ca0f65-fd2d-44b3-bb81-84286689731d 處理完成
2025-08-29 21:14:59,312 - INFO - ✅ Story 41 處理成功
2025-08-29 21:14:59,312 - INFO - 
============================================================
2025-08-29 21:14:59,312 - INFO - 處理 Story 42/107
2025-08-29 21:14:59,312 - INFO - ============================================================
2025-08-29 21:14:59,313 - INFO - 開始處理 Story b4cafb64-057b-4804-a6c3-b5062f7a1e5e - 10 篇文章
2025-08-29 21:14:59,313 - INFO - 生成綜合報導
2025-08-29 21:14:59,313 - INFO - 生成綜合報導 - 專題：b4cafb64-057b-4804-a6c3-b5062f7a1e5e
2025-08-29 21:15:08,998 - INFO - ✅ 綜合報導（多版本）生成成功
2025-08-29 21:15:08,999 - INFO - Story b4cafb64-057b-4804-a6c3-b5062f7a1e5e 處理完成
2025-08-29 21:15:08,999 - INFO - ✅ Story 42 處理成功
2025-08-29 21:15:08,999 - INFO - 
============================================================
2025-08-29 21:15:09,000 - INFO - 處理 Story 43/107
2025-08-29 21:15:09,000 - INFO - ============================================================
2025-08-29 21:15:09,000 - INFO - 開始處理 Story d9f35f0d-8193-4840-b474-ee25039a0d81 - 9 篇文章
2025-08-29 21:15:09,000 - INFO - 生成綜合報導
2025-08-29 21:15:09,001 - INFO - 生成綜合報導 - 專題：d9f35f0d-8193-4840-b474-ee25039a0d81
2025-08-29 21:15:18,207 - INFO - ✅ 綜合報導（多版本）生成成功
2025-08-29 21:15:18,208 - INFO - Story d9f35f0d-8193-4840-b474-ee25039a0d81 處理完成
2025-08-29 21:15:18,208 - INFO - ✅ Story 43 處理成功
2025-08-29 21:15:18,208 - INFO - 
============================================================
2025-08-29 21:15:18,208 - INFO - 處理 Story 44/107
2025-08-29 21:15:18,208 - INFO - ============================================================
2025-08-29 21:15:18,209 - INFO - 開始處理 Story 19a1d47f-18f3-4765-b68d-9e05e69f05ca - 10 篇文章
2025-08-29 21:15:18,209 - INFO - 生成綜合報導
2025-08-29 21:15:18,209 - INFO - 生成綜合報導 - 專題：19a1d47f-18f3-4765-b68d-9e05e69f05ca
2025-08-29 21:15:27,298 - INFO - ✅ 綜合報導（多版本）生成成功
2025-08-29 21:15:27,299 - INFO - Story 19a1d47f-18f3-4765-b68d-9e05e69f05ca 處理完成
2025-08-29 21:15:27,299 - INFO - ✅ Story 44 處理成功
2025-08-29 21:15:27,300 - INFO - 
============================================================
2025-08-29 21:15:27,300 - INFO - 處理 Story 45/107
2025-08-29 21:15:27,301 - INFO - ============================================================
2025-08-29 21:15:27,301 - INFO - 開始處理 Story ffd4da49-c736-495f-b813-daba93cf8bcf - 10 篇文章
2025-08-29 21:15:27,302 - INFO - 生成綜合報導
2025-08-29 21:15:27,302 - INFO - 生成綜合報導 - 專題：ffd4da49-c736-495f-b813-daba93cf8bcf
2025-08-29 21:15:36,308 - INFO - ✅ 綜合報導（多版本）生成成功
2025-08-29 21:15:36,308 - INFO - Story ffd4da49-c736-495f-b813-daba93cf8bcf 處理完成
2025-08-29 21:15:36,308 - INFO - ✅ Story 45 處理成功
2025-08-29 21:15:36,308 - INFO - 
============================================================
2025-08-29 21:15:36,309 - INFO - 處理 Story 46/107
2025-08-29 21:15:36,309 - INFO - ============================================================
2025-08-29 21:15:36,309 - INFO - 開始處理 Story 884b6cb1-d014-4b5f-9573-82e2d000bffd - 7 篇文章
2025-08-29 21:15:36,309 - INFO - 生成綜合報導
2025-08-29 21:15:36,309 - INFO - 生成綜合報導 - 專題：884b6cb1-d014-4b5f-9573-82e2d000bffd
2025-08-29 21:15:45,413 - INFO - ✅ 綜合報導（多版本）生成成功
2025-08-29 21:15:45,414 - INFO - Story 884b6cb1-d014-4b5f-9573-82e2d000bffd 處理完成
2025-08-29 21:15:45,414 - INFO - ✅ Story 46 處理成功
2025-08-29 21:15:45,415 - INFO - 
============================================================
2025-08-29 21:15:45,415 - INFO - 處理 Story 47/107
2025-08-29 21:15:45,416 - INFO - ============================================================
2025-08-29 21:15:45,416 - INFO - 開始處理 Story 1993ad86-918d-48bd-b3c8-9c152160fcd5 - 9 篇文章
2025-08-29 21:15:45,417 - INFO - 生成綜合報導
2025-08-29 21:15:45,417 - INFO - 生成綜合報導 - 專題：1993ad86-918d-48bd-b3c8-9c152160fcd5
2025-08-29 21:15:54,740 - INFO - ✅ 綜合報導（多版本）生成成功
2025-08-29 21:15:54,741 - INFO - Story 1993ad86-918d-48bd-b3c8-9c152160fcd5 處理完成
2025-08-29 21:15:54,742 - INFO - ✅ Story 47 處理成功
2025-08-29 21:15:54,742 - INFO - 
============================================================
2025-08-29 21:15:54,743 - INFO - 處理 Story 48/107
2025-08-29 21:15:54,743 - INFO - ============================================================
2025-08-29 21:15:54,744 - INFO - 開始處理 Story 7989a157-490c-4d39-a330-7a07243ce05a - 4 篇文章
2025-08-29 21:15:54,745 - INFO - 生成綜合報導
2025-08-29 21:15:54,745 - INFO - 生成綜合報導 - 專題：7989a157-490c-4d39-a330-7a07243ce05a
2025-08-29 21:16:03,631 - INFO - ✅ 綜合報導（多版本）生成成功
2025-08-29 21:16:03,632 - INFO - Story 7989a157-490c-4d39-a330-7a07243ce05a 處理完成
2025-08-29 21:16:03,632 - INFO - ✅ Story 48 處理成功
2025-08-29 21:16:03,632 - INFO - 
============================================================
2025-08-29 21:16:03,633 - INFO - 處理 Story 49/107
2025-08-29 21:16:03,633 - INFO - ============================================================
2025-08-29 21:16:03,633 - INFO - 開始處理 Story 558e7177-566e-40d6-b851-415bf026a66b - 9 篇文章
2025-08-29 21:16:03,634 - INFO - 生成綜合報導
2025-08-29 21:16:03,634 - INFO - 生成綜合報導 - 專題：558e7177-566e-40d6-b851-415bf026a66b
2025-08-29 21:16:12,049 - INFO - ✅ 綜合報導（多版本）生成成功
2025-08-29 21:16:12,050 - INFO - Story 558e7177-566e-40d6-b851-415bf026a66b 處理完成
2025-08-29 21:16:12,050 - INFO - ✅ Story 49 處理成功
2025-08-29 21:16:12,051 - INFO - 
============================================================
2025-08-29 21:16:12,052 - INFO - 處理 Story 50/107
2025-08-29 21:16:12,053 - INFO - ============================================================
2025-08-29 21:16:12,053 - INFO - 開始處理 Story e7310c43-b1e5-4aa4-b474-136ca0a044dc - 10 篇文章
2025-08-29 21:16:12,054 - INFO - 生成綜合報導
2025-08-29 21:16:12,054 - INFO - 生成綜合報導 - 專題：e7310c43-b1e5-4aa4-b474-136ca0a044dc
2025-08-29 21:16:21,879 - INFO - ✅ 綜合報導（多版本）生成成功
2025-08-29 21:16:21,879 - INFO - Story e7310c43-b1e5-4aa4-b474-136ca0a044dc 處理完成
2025-08-29 21:16:21,879 - INFO - ✅ Story 50 處理成功
2025-08-29 21:16:21,880 - INFO - 
============================================================
2025-08-29 21:16:21,880 - INFO - 處理 Story 51/107
2025-08-29 21:16:21,880 - INFO - ============================================================
2025-08-29 21:16:21,880 - INFO - 開始處理 Story 9834b9e5-114b-47d8-a18d-489499f638e5 - 10 篇文章
2025-08-29 21:16:21,880 - INFO - 生成綜合報導
2025-08-29 21:16:21,880 - INFO - 生成綜合報導 - 專題：9834b9e5-114b-47d8-a18d-489499f638e5
2025-08-29 21:16:31,256 - INFO - ✅ 綜合報導（多版本）生成成功
2025-08-29 21:16:31,257 - INFO - Story 9834b9e5-114b-47d8-a18d-489499f638e5 處理完成
2025-08-29 21:16:31,257 - INFO - ✅ Story 51 處理成功
2025-08-29 21:16:31,257 - INFO - 
============================================================
2025-08-29 21:16:31,258 - INFO - 處理 Story 52/107
2025-08-29 21:16:31,258 - INFO - ============================================================
2025-08-29 21:16:31,258 - INFO - 開始處理 Story b1d4b281-5c1e-4a08-8b30-fdccb0613ebf - 9 篇文章
2025-08-29 21:16:31,258 - INFO - 生成綜合報導
2025-08-29 21:16:31,258 - INFO - 生成綜合報導 - 專題：b1d4b281-5c1e-4a08-8b30-fdccb0613ebf
2025-08-29 21:16:39,867 - INFO - ✅ 綜合報導（多版本）生成成功
2025-08-29 21:16:39,869 - INFO - Story b1d4b281-5c1e-4a08-8b30-fdccb0613ebf 處理完成
2025-08-29 21:16:39,869 - INFO - ✅ Story 52 處理成功
2025-08-29 21:16:39,870 - INFO - 
============================================================
2025-08-29 21:16:39,870 - INFO - 處理 Story 53/107
2025-08-29 21:16:39,871 - INFO - ============================================================
2025-08-29 21:16:39,871 - INFO - 開始處理 Story fec2a258-9222-47b5-97aa-92c7b7491b91 - 8 篇文章
2025-08-29 21:16:39,872 - INFO - 生成綜合報導
2025-08-29 21:16:39,872 - INFO - 生成綜合報導 - 專題：fec2a258-9222-47b5-97aa-92c7b7491b91
2025-08-29 21:16:48,808 - INFO - ✅ 綜合報導（多版本）生成成功
2025-08-29 21:16:48,809 - INFO - Story fec2a258-9222-47b5-97aa-92c7b7491b91 處理完成
2025-08-29 21:16:48,809 - INFO - ✅ Story 53 處理成功
2025-08-29 21:16:48,809 - INFO - 
============================================================
2025-08-29 21:16:48,810 - INFO - 處理 Story 54/107
2025-08-29 21:16:48,810 - INFO - ============================================================
2025-08-29 21:16:48,810 - INFO - 開始處理 Story 49f1b863-3dde-4a3e-b939-fae24b0a17ba - 1 篇文章
2025-08-29 21:16:48,810 - INFO - 生成綜合報導
2025-08-29 21:16:48,810 - INFO - 生成綜合報導 - 專題：49f1b863-3dde-4a3e-b939-fae24b0a17ba
2025-08-29 21:16:58,791 - INFO - ✅ 綜合報導（多版本）生成成功
2025-08-29 21:16:58,792 - INFO - Story 49f1b863-3dde-4a3e-b939-fae24b0a17ba 處理完成
2025-08-29 21:16:58,793 - INFO - ✅ Story 54 處理成功
2025-08-29 21:16:58,793 - INFO - 
============================================================
2025-08-29 21:16:58,794 - INFO - 處理 Story 55/107
2025-08-29 21:16:58,794 - INFO - ============================================================
2025-08-29 21:16:58,795 - INFO - 開始處理 Story caa783a5-c628-45ab-90c1-20b03b4a94af - 10 篇文章
2025-08-29 21:16:58,795 - INFO - 生成綜合報導
2025-08-29 21:16:58,796 - INFO - 生成綜合報導 - 專題：caa783a5-c628-45ab-90c1-20b03b4a94af
2025-08-29 21:17:07,120 - INFO - ✅ 綜合報導（多版本）生成成功
2025-08-29 21:17:07,120 - INFO - Story caa783a5-c628-45ab-90c1-20b03b4a94af 處理完成
2025-08-29 21:17:07,120 - INFO - ✅ Story 55 處理成功
2025-08-29 21:17:07,121 - INFO - 
============================================================
2025-08-29 21:17:07,121 - INFO - 處理 Story 56/107
2025-08-29 21:17:07,121 - INFO - ============================================================
2025-08-29 21:17:07,121 - INFO - 開始處理 Story 8c6bb553-0177-4cc4-ad34-18e088121102 - 7 篇文章
2025-08-29 21:17:07,121 - INFO - 生成綜合報導
2025-08-29 21:17:07,121 - INFO - 生成綜合報導 - 專題：8c6bb553-0177-4cc4-ad34-18e088121102
2025-08-29 21:17:15,841 - INFO - ✅ 綜合報導（多版本）生成成功
2025-08-29 21:17:15,841 - INFO - Story 8c6bb553-0177-4cc4-ad34-18e088121102 處理完成
2025-08-29 21:17:15,842 - INFO - ✅ Story 56 處理成功
2025-08-29 21:17:15,842 - INFO - 
============================================================
2025-08-29 21:17:15,843 - INFO - 處理 Story 57/107
2025-08-29 21:17:15,843 - INFO - ============================================================
2025-08-29 21:17:15,844 - INFO - 開始處理 Story bb4e10fc-c6f1-479c-9c85-1f5efa2de184 - 10 篇文章
2025-08-29 21:17:15,844 - INFO - 生成綜合報導
2025-08-29 21:17:15,845 - INFO - 生成綜合報導 - 專題：bb4e10fc-c6f1-479c-9c85-1f5efa2de184
2025-08-29 21:17:23,744 - INFO - ✅ 綜合報導（多版本）生成成功
2025-08-29 21:17:23,745 - INFO - Story bb4e10fc-c6f1-479c-9c85-1f5efa2de184 處理完成
2025-08-29 21:17:23,745 - INFO - ✅ Story 57 處理成功
2025-08-29 21:17:23,746 - INFO - 
============================================================
2025-08-29 21:17:23,746 - INFO - 處理 Story 58/107
2025-08-29 21:17:23,747 - INFO - ============================================================
2025-08-29 21:17:23,747 - INFO - 開始處理 Story 30880a17-2919-433c-914e-61ea00d2448b - 5 篇文章
2025-08-29 21:17:23,747 - INFO - 生成綜合報導
2025-08-29 21:17:23,748 - INFO - 生成綜合報導 - 專題：30880a17-2919-433c-914e-61ea00d2448b
2025-08-29 21:17:32,721 - INFO - ✅ 綜合報導（多版本）生成成功
2025-08-29 21:17:32,722 - INFO - Story 30880a17-2919-433c-914e-61ea00d2448b 處理完成
2025-08-29 21:17:32,722 - INFO - ✅ Story 58 處理成功
2025-08-29 21:17:32,722 - INFO - 
============================================================
2025-08-29 21:17:32,723 - INFO - 處理 Story 59/107
2025-08-29 21:17:32,723 - INFO - ============================================================
2025-08-29 21:17:32,724 - INFO - 開始處理 Story b20dc5c2-5b28-45f4-8810-f4c99373abdb - 10 篇文章
2025-08-29 21:17:32,724 - INFO - 生成綜合報導
2025-08-29 21:17:32,724 - INFO - 生成綜合報導 - 專題：b20dc5c2-5b28-45f4-8810-f4c99373abdb
2025-08-29 21:17:41,373 - INFO - ✅ 綜合報導（多版本）生成成功
2025-08-29 21:17:41,373 - INFO - Story b20dc5c2-5b28-45f4-8810-f4c99373abdb 處理完成
2025-08-29 21:17:41,374 - INFO - ✅ Story 59 處理成功
2025-08-29 21:17:41,374 - INFO - 
============================================================
2025-08-29 21:17:41,374 - INFO - 處理 Story 60/107
2025-08-29 21:17:41,375 - INFO - ============================================================
2025-08-29 21:17:41,375 - INFO - 開始處理 Story 58e0782c-da07-4abf-9830-db14df94f37f - 10 篇文章
2025-08-29 21:17:41,376 - INFO - 生成綜合報導
2025-08-29 21:17:41,376 - INFO - 生成綜合報導 - 專題：58e0782c-da07-4abf-9830-db14df94f37f
2025-08-29 21:17:49,622 - INFO - ✅ 綜合報導（多版本）生成成功
2025-08-29 21:17:49,623 - INFO - Story 58e0782c-da07-4abf-9830-db14df94f37f 處理完成
2025-08-29 21:17:49,623 - INFO - ✅ Story 60 處理成功
2025-08-29 21:17:49,623 - INFO - 
============================================================
2025-08-29 21:17:49,624 - INFO - 處理 Story 61/107
2025-08-29 21:17:49,624 - INFO - ============================================================
2025-08-29 21:17:49,624 - INFO - 開始處理 Story b58e4a3f-c8e2-4a66-9fc3-a9d6c569a936 - 10 篇文章
2025-08-29 21:17:49,625 - INFO - 生成綜合報導
2025-08-29 21:17:49,625 - INFO - 生成綜合報導 - 專題：b58e4a3f-c8e2-4a66-9fc3-a9d6c569a936
2025-08-29 21:17:58,198 - INFO - ✅ 綜合報導（多版本）生成成功
2025-08-29 21:17:58,199 - INFO - Story b58e4a3f-c8e2-4a66-9fc3-a9d6c569a936 處理完成
2025-08-29 21:17:58,199 - INFO - ✅ Story 61 處理成功
2025-08-29 21:17:58,199 - INFO - 
============================================================
2025-08-29 21:17:58,199 - INFO - 處理 Story 62/107
2025-08-29 21:17:58,199 - INFO - ============================================================
2025-08-29 21:17:58,199 - INFO - 開始處理 Story 05e2b31e-db5e-41f9-9c02-4cb5c3edfcd3 - 2 篇文章
2025-08-29 21:17:58,200 - INFO - 生成綜合報導
2025-08-29 21:17:58,200 - INFO - 生成綜合報導 - 專題：05e2b31e-db5e-41f9-9c02-4cb5c3edfcd3
2025-08-29 21:18:06,151 - INFO - ✅ 綜合報導（多版本）生成成功
2025-08-29 21:18:06,152 - INFO - Story 05e2b31e-db5e-41f9-9c02-4cb5c3edfcd3 處理完成
2025-08-29 21:18:06,152 - INFO - ✅ Story 62 處理成功
2025-08-29 21:18:06,153 - INFO - 
============================================================
2025-08-29 21:18:06,153 - INFO - 處理 Story 63/107
2025-08-29 21:18:06,153 - INFO - ============================================================
2025-08-29 21:18:06,153 - INFO - 開始處理 Story 26efc881-8a3c-47cd-a7ca-f09dd7a98201 - 2 篇文章
2025-08-29 21:18:06,154 - INFO - 生成綜合報導
2025-08-29 21:18:06,154 - INFO - 生成綜合報導 - 專題：26efc881-8a3c-47cd-a7ca-f09dd7a98201
2025-08-29 21:18:14,785 - INFO - ✅ 綜合報導（多版本）生成成功
2025-08-29 21:18:14,785 - INFO - Story 26efc881-8a3c-47cd-a7ca-f09dd7a98201 處理完成
2025-08-29 21:18:14,786 - INFO - ✅ Story 63 處理成功
2025-08-29 21:18:14,786 - INFO - 
============================================================
2025-08-29 21:18:14,786 - INFO - 處理 Story 64/107
2025-08-29 21:18:14,787 - INFO - ============================================================
2025-08-29 21:18:14,787 - INFO - 開始處理 Story 26efc881-8a3c-47cd-a7ca-f09dd7a98202 - 8 篇文章
2025-08-29 21:18:14,787 - INFO - 生成綜合報導
2025-08-29 21:18:14,788 - INFO - 生成綜合報導 - 專題：26efc881-8a3c-47cd-a7ca-f09dd7a98202
2025-08-29 21:18:23,445 - INFO - ✅ 綜合報導（多版本）生成成功
2025-08-29 21:18:23,445 - INFO - Story 26efc881-8a3c-47cd-a7ca-f09dd7a98202 處理完成
2025-08-29 21:18:23,446 - INFO - ✅ Story 64 處理成功
2025-08-29 21:18:23,446 - INFO - 
============================================================
2025-08-29 21:18:23,446 - INFO - 處理 Story 65/107
2025-08-29 21:18:23,446 - INFO - ============================================================
2025-08-29 21:18:23,447 - INFO - 開始處理 Story 5e9f4130-eb92-489b-97ed-a215f6bda702 - 7 篇文章
2025-08-29 21:18:23,447 - INFO - 生成綜合報導
2025-08-29 21:18:23,447 - INFO - 生成綜合報導 - 專題：5e9f4130-eb92-489b-97ed-a215f6bda702
2025-08-29 21:18:32,883 - INFO - ✅ 綜合報導（多版本）生成成功
2025-08-29 21:18:32,884 - INFO - Story 5e9f4130-eb92-489b-97ed-a215f6bda702 處理完成
2025-08-29 21:18:32,884 - INFO - ✅ Story 65 處理成功
2025-08-29 21:18:32,885 - INFO - 
============================================================
2025-08-29 21:18:32,885 - INFO - 處理 Story 66/107
2025-08-29 21:18:32,885 - INFO - ============================================================
2025-08-29 21:18:32,886 - INFO - 開始處理 Story 9fdec5c3-37a1-4ab8-9664-c342c575be02 - 8 篇文章
2025-08-29 21:18:32,886 - INFO - 生成綜合報導
2025-08-29 21:18:32,886 - INFO - 生成綜合報導 - 專題：9fdec5c3-37a1-4ab8-9664-c342c575be02
2025-08-29 21:18:42,316 - INFO - ✅ 綜合報導（多版本）生成成功
2025-08-29 21:18:42,317 - INFO - Story 9fdec5c3-37a1-4ab8-9664-c342c575be02 處理完成
2025-08-29 21:18:42,317 - INFO - ✅ Story 66 處理成功
2025-08-29 21:18:42,317 - INFO - 
============================================================
2025-08-29 21:18:42,317 - INFO - 處理 Story 67/107
2025-08-29 21:18:42,317 - INFO - ============================================================
2025-08-29 21:18:42,317 - INFO - 開始處理 Story aca19b7b-e0fe-4f79-b8f6-bf0a354eaa01 - 2 篇文章
2025-08-29 21:18:42,318 - INFO - 生成綜合報導
2025-08-29 21:18:42,318 - INFO - 生成綜合報導 - 專題：aca19b7b-e0fe-4f79-b8f6-bf0a354eaa01
2025-08-29 21:18:50,531 - INFO - ✅ 綜合報導（多版本）生成成功
2025-08-29 21:18:50,531 - INFO - Story aca19b7b-e0fe-4f79-b8f6-bf0a354eaa01 處理完成
2025-08-29 21:18:50,532 - INFO - ✅ Story 67 處理成功
2025-08-29 21:18:50,532 - INFO - 
============================================================
2025-08-29 21:18:50,532 - INFO - 處理 Story 68/107
2025-08-29 21:18:50,532 - INFO - ============================================================
2025-08-29 21:18:50,533 - INFO - 開始處理 Story aca19b7b-e0fe-4f79-b8f6-bf0a354eaa02 - 8 篇文章
2025-08-29 21:18:50,533 - INFO - 生成綜合報導
2025-08-29 21:18:50,533 - INFO - 生成綜合報導 - 專題：aca19b7b-e0fe-4f79-b8f6-bf0a354eaa02
2025-08-29 21:18:59,066 - INFO - ✅ 綜合報導（多版本）生成成功
2025-08-29 21:18:59,066 - INFO - Story aca19b7b-e0fe-4f79-b8f6-bf0a354eaa02 處理完成
2025-08-29 21:18:59,067 - INFO - ✅ Story 68 處理成功
2025-08-29 21:18:59,067 - INFO - 
============================================================
2025-08-29 21:18:59,067 - INFO - 處理 Story 69/107
2025-08-29 21:18:59,068 - INFO - ============================================================
2025-08-29 21:18:59,068 - INFO - 開始處理 Story 78b9d071-a5ec-4dcf-8576-65f79dd57d02 - 7 篇文章
2025-08-29 21:18:59,068 - INFO - 生成綜合報導
2025-08-29 21:18:59,068 - INFO - 生成綜合報導 - 專題：78b9d071-a5ec-4dcf-8576-65f79dd57d02
2025-08-29 21:19:08,391 - INFO - ✅ 綜合報導（多版本）生成成功
2025-08-29 21:19:08,392 - INFO - Story 78b9d071-a5ec-4dcf-8576-65f79dd57d02 處理完成
2025-08-29 21:19:08,392 - INFO - ✅ Story 69 處理成功
2025-08-29 21:19:08,392 - INFO - 
============================================================
2025-08-29 21:19:08,393 - INFO - 處理 Story 70/107
2025-08-29 21:19:08,393 - INFO - ============================================================
2025-08-29 21:19:08,393 - INFO - 開始處理 Story fd55a69a-7933-4cb2-bb58-f8d53e07f501 - 1 篇文章
2025-08-29 21:19:08,393 - INFO - 生成綜合報導
2025-08-29 21:19:08,394 - INFO - 生成綜合報導 - 專題：fd55a69a-7933-4cb2-bb58-f8d53e07f501
2025-08-29 21:19:16,880 - INFO - ✅ 綜合報導（多版本）生成成功
2025-08-29 21:19:16,881 - INFO - Story fd55a69a-7933-4cb2-bb58-f8d53e07f501 處理完成
2025-08-29 21:19:16,881 - INFO - ✅ Story 70 處理成功
2025-08-29 21:19:16,882 - INFO - 
============================================================
2025-08-29 21:19:16,882 - INFO - 處理 Story 71/107
2025-08-29 21:19:16,882 - INFO - ============================================================
2025-08-29 21:19:16,883 - INFO - 開始處理 Story fd55a69a-7933-4cb2-bb58-f8d53e07f502 - 4 篇文章
2025-08-29 21:19:16,883 - INFO - 生成綜合報導
2025-08-29 21:19:16,883 - INFO - 生成綜合報導 - 專題：fd55a69a-7933-4cb2-bb58-f8d53e07f502
2025-08-29 21:19:25,369 - INFO - ✅ 綜合報導（多版本）生成成功
2025-08-29 21:19:25,369 - INFO - Story fd55a69a-7933-4cb2-bb58-f8d53e07f502 處理完成
2025-08-29 21:19:25,370 - INFO - ✅ Story 71 處理成功
2025-08-29 21:19:25,370 - INFO - 
============================================================
2025-08-29 21:19:25,370 - INFO - 處理 Story 72/107
2025-08-29 21:19:25,371 - INFO - ============================================================
2025-08-29 21:19:25,371 - INFO - 開始處理 Story 3acd1601-fc7c-4116-8571-14ca3de9b801 - 8 篇文章
2025-08-29 21:19:25,371 - INFO - 生成綜合報導
2025-08-29 21:19:25,371 - INFO - 生成綜合報導 - 專題：3acd1601-fc7c-4116-8571-14ca3de9b801
2025-08-29 21:19:33,769 - INFO - ✅ 綜合報導（多版本）生成成功
2025-08-29 21:19:33,770 - INFO - Story 3acd1601-fc7c-4116-8571-14ca3de9b801 處理完成
2025-08-29 21:19:33,770 - INFO - ✅ Story 72 處理成功
2025-08-29 21:19:33,771 - INFO - 
============================================================
2025-08-29 21:19:33,771 - INFO - 處理 Story 73/107
2025-08-29 21:19:33,772 - INFO - ============================================================
2025-08-29 21:19:33,772 - INFO - 開始處理 Story 3acd1601-fc7c-4116-8571-14ca3de9b802 - 1 篇文章
2025-08-29 21:19:33,773 - INFO - 生成綜合報導
2025-08-29 21:19:33,773 - INFO - 生成綜合報導 - 專題：3acd1601-fc7c-4116-8571-14ca3de9b802
2025-08-29 21:19:43,380 - INFO - ✅ 綜合報導（多版本）生成成功
2025-08-29 21:19:43,380 - INFO - Story 3acd1601-fc7c-4116-8571-14ca3de9b802 處理完成
2025-08-29 21:19:43,380 - INFO - ✅ Story 73 處理成功
2025-08-29 21:19:43,381 - INFO - 
============================================================
2025-08-29 21:19:43,381 - INFO - 處理 Story 74/107
2025-08-29 21:19:43,381 - INFO - ============================================================
2025-08-29 21:19:43,381 - INFO - 開始處理 Story 8cb0ba2f-822e-4dc4-92c9-53861ef12a01 - 1 篇文章
2025-08-29 21:19:43,382 - INFO - 生成綜合報導
2025-08-29 21:19:43,382 - INFO - 生成綜合報導 - 專題：8cb0ba2f-822e-4dc4-92c9-53861ef12a01
2025-08-29 21:19:53,311 - INFO - ✅ 綜合報導（多版本）生成成功
2025-08-29 21:19:53,311 - INFO - Story 8cb0ba2f-822e-4dc4-92c9-53861ef12a01 處理完成
2025-08-29 21:19:53,311 - INFO - ✅ Story 74 處理成功
2025-08-29 21:19:53,312 - INFO - 
============================================================
2025-08-29 21:19:53,312 - INFO - 處理 Story 75/107
2025-08-29 21:19:53,312 - INFO - ============================================================
2025-08-29 21:19:53,312 - INFO - 開始處理 Story 8cb0ba2f-822e-4dc4-92c9-53861ef12a02 - 6 篇文章
2025-08-29 21:19:53,312 - INFO - 生成綜合報導
2025-08-29 21:19:53,312 - INFO - 生成綜合報導 - 專題：8cb0ba2f-822e-4dc4-92c9-53861ef12a02
2025-08-29 21:20:02,431 - INFO - ✅ 綜合報導（多版本）生成成功
2025-08-29 21:20:02,431 - INFO - Story 8cb0ba2f-822e-4dc4-92c9-53861ef12a02 處理完成
2025-08-29 21:20:02,432 - INFO - ✅ Story 75 處理成功
2025-08-29 21:20:02,432 - INFO - 
============================================================
2025-08-29 21:20:02,432 - INFO - 處理 Story 76/107
2025-08-29 21:20:02,432 - INFO - ============================================================
2025-08-29 21:20:02,432 - INFO - 開始處理 Story 59e11021-5ed5-4ba4-8b05-8919ffb1dc01 - 1 篇文章
2025-08-29 21:20:02,432 - INFO - 生成綜合報導
2025-08-29 21:20:02,432 - INFO - 生成綜合報導 - 專題：59e11021-5ed5-4ba4-8b05-8919ffb1dc01
2025-08-29 21:20:11,602 - INFO - ✅ 綜合報導（多版本）生成成功
2025-08-29 21:20:11,602 - INFO - Story 59e11021-5ed5-4ba4-8b05-8919ffb1dc01 處理完成
2025-08-29 21:20:11,602 - INFO - ✅ Story 76 處理成功
2025-08-29 21:20:11,603 - INFO - 
============================================================
2025-08-29 21:20:11,603 - INFO - 處理 Story 77/107
2025-08-29 21:20:11,603 - INFO - ============================================================
2025-08-29 21:20:11,603 - INFO - 開始處理 Story 59e11021-5ed5-4ba4-8b05-8919ffb1dc02 - 6 篇文章
2025-08-29 21:20:11,604 - INFO - 生成綜合報導
2025-08-29 21:20:11,604 - INFO - 生成綜合報導 - 專題：59e11021-5ed5-4ba4-8b05-8919ffb1dc02
2025-08-29 21:20:19,900 - INFO - ✅ 綜合報導（多版本）生成成功
2025-08-29 21:20:19,900 - INFO - Story 59e11021-5ed5-4ba4-8b05-8919ffb1dc02 處理完成
2025-08-29 21:20:19,900 - INFO - ✅ Story 77 處理成功
2025-08-29 21:20:19,901 - INFO - 
============================================================
2025-08-29 21:20:19,901 - INFO - 處理 Story 78/107
2025-08-29 21:20:19,902 - INFO - ============================================================
2025-08-29 21:20:19,902 - INFO - 開始處理 Story e3c44715-d760-4188-a775-51c1b0509c01 - 2 篇文章
2025-08-29 21:20:19,902 - INFO - 生成綜合報導
2025-08-29 21:20:19,903 - INFO - 生成綜合報導 - 專題：e3c44715-d760-4188-a775-51c1b0509c01
2025-08-29 21:20:28,613 - INFO - ✅ 綜合報導（多版本）生成成功
2025-08-29 21:20:28,614 - INFO - Story e3c44715-d760-4188-a775-51c1b0509c01 處理完成
2025-08-29 21:20:28,614 - INFO - ✅ Story 78 處理成功
2025-08-29 21:20:28,614 - INFO - 
============================================================
2025-08-29 21:20:28,614 - INFO - 處理 Story 79/107
2025-08-29 21:20:28,615 - INFO - ============================================================
2025-08-29 21:20:28,615 - INFO - 開始處理 Story e3c44715-d760-4188-a775-51c1b0509c02 - 7 篇文章
2025-08-29 21:20:28,615 - INFO - 生成綜合報導
2025-08-29 21:20:28,615 - INFO - 生成綜合報導 - 專題：e3c44715-d760-4188-a775-51c1b0509c02
2025-08-29 21:20:37,577 - INFO - ✅ 綜合報導（多版本）生成成功
2025-08-29 21:20:37,578 - INFO - Story e3c44715-d760-4188-a775-51c1b0509c02 處理完成
2025-08-29 21:20:37,579 - INFO - ✅ Story 79 處理成功
2025-08-29 21:20:37,579 - INFO - 
============================================================
2025-08-29 21:20:37,580 - INFO - 處理 Story 80/107
2025-08-29 21:20:37,581 - INFO - ============================================================
2025-08-29 21:20:37,581 - INFO - 開始處理 Story 9fda55bb-2e8c-4e45-bf91-89d8a857b701 - 4 篇文章
2025-08-29 21:20:37,582 - INFO - 生成綜合報導
2025-08-29 21:20:37,582 - INFO - 生成綜合報導 - 專題：9fda55bb-2e8c-4e45-bf91-89d8a857b701
2025-08-29 21:20:46,333 - INFO - ✅ 綜合報導（多版本）生成成功
2025-08-29 21:20:46,333 - INFO - Story 9fda55bb-2e8c-4e45-bf91-89d8a857b701 處理完成
2025-08-29 21:20:46,333 - INFO - ✅ Story 80 處理成功
2025-08-29 21:20:46,333 - INFO - 
============================================================
2025-08-29 21:20:46,334 - INFO - 處理 Story 81/107
2025-08-29 21:20:46,334 - INFO - ============================================================
2025-08-29 21:20:46,334 - INFO - 開始處理 Story 9fda55bb-2e8c-4e45-bf91-89d8a857b702 - 6 篇文章
2025-08-29 21:20:46,334 - INFO - 生成綜合報導
2025-08-29 21:20:46,334 - INFO - 生成綜合報導 - 專題：9fda55bb-2e8c-4e45-bf91-89d8a857b702
2025-08-29 21:20:54,551 - INFO - ✅ 綜合報導（多版本）生成成功
2025-08-29 21:20:54,552 - INFO - Story 9fda55bb-2e8c-4e45-bf91-89d8a857b702 處理完成
2025-08-29 21:20:54,552 - INFO - ✅ Story 81 處理成功
2025-08-29 21:20:54,552 - INFO - 
============================================================
2025-08-29 21:20:54,553 - INFO - 處理 Story 82/107
2025-08-29 21:20:54,553 - INFO - ============================================================
2025-08-29 21:20:54,553 - INFO - 開始處理 Story bac00412-99f4-4cc4-b95f-e9f4ebc58001 - 2 篇文章
2025-08-29 21:20:54,553 - INFO - 生成綜合報導
2025-08-29 21:20:54,554 - INFO - 生成綜合報導 - 專題：bac00412-99f4-4cc4-b95f-e9f4ebc58001
2025-08-29 21:21:02,325 - INFO - ✅ 綜合報導（多版本）生成成功
2025-08-29 21:21:02,325 - INFO - Story bac00412-99f4-4cc4-b95f-e9f4ebc58001 處理完成
2025-08-29 21:21:02,326 - INFO - ✅ Story 82 處理成功
2025-08-29 21:21:02,327 - INFO - 
============================================================
2025-08-29 21:21:02,327 - INFO - 處理 Story 83/107
2025-08-29 21:21:02,328 - INFO - ============================================================
2025-08-29 21:21:02,328 - INFO - 開始處理 Story bac00412-99f4-4cc4-b95f-e9f4ebc58002 - 6 篇文章
2025-08-29 21:21:02,329 - INFO - 生成綜合報導
2025-08-29 21:21:02,329 - INFO - 生成綜合報導 - 專題：bac00412-99f4-4cc4-b95f-e9f4ebc58002
2025-08-29 21:21:11,230 - INFO - ✅ 綜合報導（多版本）生成成功
2025-08-29 21:21:11,231 - INFO - Story bac00412-99f4-4cc4-b95f-e9f4ebc58002 處理完成
2025-08-29 21:21:11,231 - INFO - ✅ Story 83 處理成功
2025-08-29 21:21:11,232 - INFO - 
============================================================
2025-08-29 21:21:11,232 - INFO - 處理 Story 84/107
2025-08-29 21:21:11,233 - INFO - ============================================================
2025-08-29 21:21:11,233 - INFO - 開始處理 Story bac00412-99f4-4cc4-b95f-e9f4ebc58003 - 2 篇文章
2025-08-29 21:21:11,234 - INFO - 生成綜合報導
2025-08-29 21:21:11,234 - INFO - 生成綜合報導 - 專題：bac00412-99f4-4cc4-b95f-e9f4ebc58003
2025-08-29 21:21:19,054 - INFO - ✅ 綜合報導（多版本）生成成功
2025-08-29 21:21:19,055 - INFO - Story bac00412-99f4-4cc4-b95f-e9f4ebc58003 處理完成
2025-08-29 21:21:19,055 - INFO - ✅ Story 84 處理成功
2025-08-29 21:21:19,056 - INFO - 
============================================================
2025-08-29 21:21:19,056 - INFO - 處理 Story 85/107
2025-08-29 21:21:19,056 - INFO - ============================================================
2025-08-29 21:21:19,057 - INFO - 開始處理 Story 496c3cbc-50b7-43c3-b4ed-7dad8ab6a301 - 2 篇文章
2025-08-29 21:21:19,057 - INFO - 生成綜合報導
2025-08-29 21:21:19,057 - INFO - 生成綜合報導 - 專題：496c3cbc-50b7-43c3-b4ed-7dad8ab6a301
2025-08-29 21:21:27,137 - INFO - ✅ 綜合報導（多版本）生成成功
2025-08-29 21:21:27,138 - INFO - Story 496c3cbc-50b7-43c3-b4ed-7dad8ab6a301 處理完成
2025-08-29 21:21:27,138 - INFO - ✅ Story 85 處理成功
2025-08-29 21:21:27,139 - INFO - 
============================================================
2025-08-29 21:21:27,139 - INFO - 處理 Story 86/107
2025-08-29 21:21:27,140 - INFO - ============================================================
2025-08-29 21:21:27,140 - INFO - 開始處理 Story 496c3cbc-50b7-43c3-b4ed-7dad8ab6a302 - 7 篇文章
2025-08-29 21:21:27,141 - INFO - 生成綜合報導
2025-08-29 21:21:27,142 - INFO - 生成綜合報導 - 專題：496c3cbc-50b7-43c3-b4ed-7dad8ab6a302
2025-08-29 21:21:36,044 - INFO - ✅ 綜合報導（多版本）生成成功
2025-08-29 21:21:36,045 - INFO - Story 496c3cbc-50b7-43c3-b4ed-7dad8ab6a302 處理完成
2025-08-29 21:21:36,045 - INFO - ✅ Story 86 處理成功
2025-08-29 21:21:36,045 - INFO - 
============================================================
2025-08-29 21:21:36,046 - INFO - 處理 Story 87/107
2025-08-29 21:21:36,046 - INFO - ============================================================
2025-08-29 21:21:36,046 - INFO - 開始處理 Story f87cfb95-d5bb-4f4a-a057-cdcd67c17801 - 1 篇文章
2025-08-29 21:21:36,047 - INFO - 生成綜合報導
2025-08-29 21:21:36,047 - INFO - 生成綜合報導 - 專題：f87cfb95-d5bb-4f4a-a057-cdcd67c17801
2025-08-29 21:21:45,995 - INFO - ✅ 綜合報導（多版本）生成成功
2025-08-29 21:21:45,996 - INFO - Story f87cfb95-d5bb-4f4a-a057-cdcd67c17801 處理完成
2025-08-29 21:21:45,996 - INFO - ✅ Story 87 處理成功
2025-08-29 21:21:45,997 - INFO - 
============================================================
2025-08-29 21:21:45,998 - INFO - 處理 Story 88/107
2025-08-29 21:21:45,998 - INFO - ============================================================
2025-08-29 21:21:45,999 - INFO - 開始處理 Story f87cfb95-d5bb-4f4a-a057-cdcd67c17802 - 8 篇文章
2025-08-29 21:21:45,999 - INFO - 生成綜合報導
2025-08-29 21:21:45,999 - INFO - 生成綜合報導 - 專題：f87cfb95-d5bb-4f4a-a057-cdcd67c17802
2025-08-29 21:21:54,729 - INFO - ✅ 綜合報導（多版本）生成成功
2025-08-29 21:21:54,730 - INFO - Story f87cfb95-d5bb-4f4a-a057-cdcd67c17802 處理完成
2025-08-29 21:21:54,730 - INFO - ✅ Story 88 處理成功
2025-08-29 21:21:54,731 - INFO - 
============================================================
2025-08-29 21:21:54,731 - INFO - 處理 Story 89/107
2025-08-29 21:21:54,732 - INFO - ============================================================
2025-08-29 21:21:54,732 - INFO - 開始處理 Story 8b102923-0118-4373-a0f9-8d6a061fe101 - 1 篇文章
2025-08-29 21:21:54,733 - INFO - 生成綜合報導
2025-08-29 21:21:54,733 - INFO - 生成綜合報導 - 專題：8b102923-0118-4373-a0f9-8d6a061fe101
2025-08-29 21:22:03,721 - INFO - ✅ 綜合報導（多版本）生成成功
2025-08-29 21:22:03,721 - INFO - Story 8b102923-0118-4373-a0f9-8d6a061fe101 處理完成
2025-08-29 21:22:03,722 - INFO - ✅ Story 89 處理成功
2025-08-29 21:22:03,722 - INFO - 
============================================================
2025-08-29 21:22:03,722 - INFO - 處理 Story 90/107
2025-08-29 21:22:03,723 - INFO - ============================================================
2025-08-29 21:22:03,723 - INFO - 開始處理 Story 8b102923-0118-4373-a0f9-8d6a061fe102 - 1 篇文章
2025-08-29 21:22:03,723 - INFO - 生成綜合報導
2025-08-29 21:22:03,724 - INFO - 生成綜合報導 - 專題：8b102923-0118-4373-a0f9-8d6a061fe102
2025-08-29 21:22:12,747 - INFO - ✅ 綜合報導（多版本）生成成功
2025-08-29 21:22:12,748 - INFO - Story 8b102923-0118-4373-a0f9-8d6a061fe102 處理完成
2025-08-29 21:22:12,748 - INFO - ✅ Story 90 處理成功
2025-08-29 21:22:12,749 - INFO - 
============================================================
2025-08-29 21:22:12,749 - INFO - 處理 Story 91/107
2025-08-29 21:22:12,750 - INFO - ============================================================
2025-08-29 21:22:12,750 - INFO - 開始處理 Story 8b102923-0118-4373-a0f9-8d6a061fe103 - 6 篇文章
2025-08-29 21:22:12,751 - INFO - 生成綜合報導
2025-08-29 21:22:12,751 - INFO - 生成綜合報導 - 專題：8b102923-0118-4373-a0f9-8d6a061fe103
2025-08-29 21:22:21,133 - INFO - ✅ 綜合報導（多版本）生成成功
2025-08-29 21:22:21,134 - INFO - Story 8b102923-0118-4373-a0f9-8d6a061fe103 處理完成
2025-08-29 21:22:21,134 - INFO - ✅ Story 91 處理成功
2025-08-29 21:22:21,134 - INFO - 
============================================================
2025-08-29 21:22:21,134 - INFO - 處理 Story 92/107
2025-08-29 21:22:21,135 - INFO - ============================================================
2025-08-29 21:22:21,135 - INFO - 開始處理 Story ff6d70a0-c83c-4b0f-81d1-eec337626001 - 1 篇文章
2025-08-29 21:22:21,135 - INFO - 生成綜合報導
2025-08-29 21:22:21,135 - INFO - 生成綜合報導 - 專題：ff6d70a0-c83c-4b0f-81d1-eec337626001
2025-08-29 21:22:30,539 - INFO - ✅ 綜合報導（多版本）生成成功
2025-08-29 21:22:30,539 - INFO - Story ff6d70a0-c83c-4b0f-81d1-eec337626001 處理完成
2025-08-29 21:22:30,540 - INFO - ✅ Story 92 處理成功
2025-08-29 21:22:30,540 - INFO - 
============================================================
2025-08-29 21:22:30,540 - INFO - 處理 Story 93/107
2025-08-29 21:22:30,541 - INFO - ============================================================
2025-08-29 21:22:30,541 - INFO - 開始處理 Story ff6d70a0-c83c-4b0f-81d1-eec337626002 - 8 篇文章
2025-08-29 21:22:30,541 - INFO - 生成綜合報導
2025-08-29 21:22:30,541 - INFO - 生成綜合報導 - 專題：ff6d70a0-c83c-4b0f-81d1-eec337626002
2025-08-29 21:22:39,491 - INFO - ✅ 綜合報導（多版本）生成成功
2025-08-29 21:22:39,492 - INFO - Story ff6d70a0-c83c-4b0f-81d1-eec337626002 處理完成
2025-08-29 21:22:39,492 - INFO - ✅ Story 93 處理成功
2025-08-29 21:22:39,492 - INFO - 
============================================================
2025-08-29 21:22:39,493 - INFO - 處理 Story 94/107
2025-08-29 21:22:39,493 - INFO - ============================================================
2025-08-29 21:22:39,493 - INFO - 開始處理 Story a757e807-0962-4ac6-81f7-d3c25a843c56 - 10 篇文章
2025-08-29 21:22:39,493 - INFO - 生成綜合報導
2025-08-29 21:22:39,493 - INFO - 生成綜合報導 - 專題：a757e807-0962-4ac6-81f7-d3c25a843c56
2025-08-29 21:22:48,124 - INFO - ✅ 綜合報導（多版本）生成成功
2025-08-29 21:22:48,125 - INFO - Story a757e807-0962-4ac6-81f7-d3c25a843c56 處理完成
2025-08-29 21:22:48,126 - INFO - ✅ Story 94 處理成功
2025-08-29 21:22:48,126 - INFO - 
============================================================
2025-08-29 21:22:48,127 - INFO - 處理 Story 95/107
2025-08-29 21:22:48,128 - INFO - ============================================================
2025-08-29 21:22:48,128 - INFO - 開始處理 Story 73b7c9e4-0ca7-4941-b9b9-a00a3ac8b93d - 5 篇文章
2025-08-29 21:22:48,129 - INFO - 生成綜合報導
2025-08-29 21:22:48,129 - INFO - 生成綜合報導 - 專題：73b7c9e4-0ca7-4941-b9b9-a00a3ac8b93d
2025-08-29 21:22:56,618 - INFO - ✅ 綜合報導（多版本）生成成功
2025-08-29 21:22:56,618 - INFO - Story 73b7c9e4-0ca7-4941-b9b9-a00a3ac8b93d 處理完成
2025-08-29 21:22:56,619 - INFO - ✅ Story 95 處理成功
2025-08-29 21:22:56,619 - INFO - 
============================================================
2025-08-29 21:22:56,619 - INFO - 處理 Story 96/107
2025-08-29 21:22:56,619 - INFO - ============================================================
2025-08-29 21:22:56,619 - INFO - 開始處理 Story 37da04c0-4e0d-44de-b079-ac1a6d356b01 - 3 篇文章
2025-08-29 21:22:56,620 - INFO - 生成綜合報導
2025-08-29 21:22:56,620 - INFO - 生成綜合報導 - 專題：37da04c0-4e0d-44de-b079-ac1a6d356b01
2025-08-29 21:23:05,777 - INFO - ✅ 綜合報導（多版本）生成成功
2025-08-29 21:23:05,778 - INFO - Story 37da04c0-4e0d-44de-b079-ac1a6d356b01 處理完成
2025-08-29 21:23:05,778 - INFO - ✅ Story 96 處理成功
2025-08-29 21:23:05,778 - INFO - 
============================================================
2025-08-29 21:23:05,778 - INFO - 處理 Story 97/107
2025-08-29 21:23:05,778 - INFO - ============================================================
2025-08-29 21:23:05,778 - INFO - 開始處理 Story 37da04c0-4e0d-44de-b079-ac1a6d356b02 - 6 篇文章
2025-08-29 21:23:05,779 - INFO - 生成綜合報導
2025-08-29 21:23:05,779 - INFO - 生成綜合報導 - 專題：37da04c0-4e0d-44de-b079-ac1a6d356b02
2025-08-29 21:23:14,972 - INFO - ✅ 綜合報導（多版本）生成成功
2025-08-29 21:23:14,973 - INFO - Story 37da04c0-4e0d-44de-b079-ac1a6d356b02 處理完成
2025-08-29 21:23:14,974 - INFO - ✅ Story 97 處理成功
2025-08-29 21:23:14,974 - INFO - 
============================================================
2025-08-29 21:23:14,975 - INFO - 處理 Story 98/107
2025-08-29 21:23:14,975 - INFO - ============================================================
2025-08-29 21:23:14,975 - INFO - 開始處理 Story 150a9d5c-b582-4177-9ff7-d9ccdbad6402 - 1 篇文章
2025-08-29 21:23:14,976 - INFO - 生成綜合報導
2025-08-29 21:23:14,976 - INFO - 生成綜合報導 - 專題：150a9d5c-b582-4177-9ff7-d9ccdbad6402
2025-08-29 21:23:24,291 - INFO - ✅ 綜合報導（多版本）生成成功
2025-08-29 21:23:24,292 - INFO - Story 150a9d5c-b582-4177-9ff7-d9ccdbad6402 處理完成
2025-08-29 21:23:24,292 - INFO - ✅ Story 98 處理成功
2025-08-29 21:23:24,293 - INFO - 
============================================================
2025-08-29 21:23:24,293 - INFO - 處理 Story 99/107
2025-08-29 21:23:24,293 - INFO - ============================================================
2025-08-29 21:23:24,293 - INFO - 開始處理 Story 150a9d5c-b582-4177-9ff7-d9ccdbad6403 - 4 篇文章
2025-08-29 21:23:24,294 - INFO - 生成綜合報導
2025-08-29 21:23:24,294 - INFO - 生成綜合報導 - 專題：150a9d5c-b582-4177-9ff7-d9ccdbad6403
2025-08-29 21:23:32,627 - INFO - ✅ 綜合報導（多版本）生成成功
2025-08-29 21:23:32,628 - INFO - Story 150a9d5c-b582-4177-9ff7-d9ccdbad6403 處理完成
2025-08-29 21:23:32,628 - INFO - ✅ Story 99 處理成功
2025-08-29 21:23:32,628 - INFO - 
============================================================
2025-08-29 21:23:32,628 - INFO - 處理 Story 100/107
2025-08-29 21:23:32,628 - INFO - ============================================================
2025-08-29 21:23:32,628 - INFO - 開始處理 Story 150a9d5c-b582-4177-9ff7-d9ccdbad6404 - 3 篇文章
2025-08-29 21:23:32,629 - INFO - 生成綜合報導
2025-08-29 21:23:32,629 - INFO - 生成綜合報導 - 專題：150a9d5c-b582-4177-9ff7-d9ccdbad6404
2025-08-29 21:23:40,923 - INFO - ✅ 綜合報導（多版本）生成成功
2025-08-29 21:23:40,923 - INFO - Story 150a9d5c-b582-4177-9ff7-d9ccdbad6404 處理完成
2025-08-29 21:23:40,923 - INFO - ✅ Story 100 處理成功
2025-08-29 21:23:40,923 - INFO - 
============================================================
2025-08-29 21:23:40,923 - INFO - 處理 Story 101/107
2025-08-29 21:23:40,924 - INFO - ============================================================
2025-08-29 21:23:40,924 - INFO - 開始處理 Story 0dff09a8-36e1-48c1-bf14-ab3305ad6301 - 1 篇文章
2025-08-29 21:23:40,924 - INFO - 生成綜合報導
2025-08-29 21:23:40,924 - INFO - 生成綜合報導 - 專題：0dff09a8-36e1-48c1-bf14-ab3305ad6301
2025-08-29 21:23:50,095 - INFO - ✅ 綜合報導（多版本）生成成功
2025-08-29 21:23:50,096 - INFO - Story 0dff09a8-36e1-48c1-bf14-ab3305ad6301 處理完成
2025-08-29 21:23:50,096 - INFO - ✅ Story 101 處理成功
2025-08-29 21:23:50,096 - INFO - 
============================================================
2025-08-29 21:23:50,096 - INFO - 處理 Story 102/107
2025-08-29 21:23:50,097 - INFO - ============================================================
2025-08-29 21:23:50,097 - INFO - 開始處理 Story 0dff09a8-36e1-48c1-bf14-ab3305ad6302 - 4 篇文章
2025-08-29 21:23:50,097 - INFO - 生成綜合報導
2025-08-29 21:23:50,097 - INFO - 生成綜合報導 - 專題：0dff09a8-36e1-48c1-bf14-ab3305ad6302
2025-08-29 21:23:58,456 - INFO - ✅ 綜合報導（多版本）生成成功
2025-08-29 21:23:58,456 - INFO - Story 0dff09a8-36e1-48c1-bf14-ab3305ad6302 處理完成
2025-08-29 21:23:58,457 - INFO - ✅ Story 102 處理成功
2025-08-29 21:23:58,457 - INFO - 
============================================================
2025-08-29 21:23:58,457 - INFO - 處理 Story 103/107
2025-08-29 21:23:58,457 - INFO - ============================================================
2025-08-29 21:23:58,457 - INFO - 開始處理 Story 0dff09a8-36e1-48c1-bf14-ab3305ad6303 - 5 篇文章
2025-08-29 21:23:58,458 - INFO - 生成綜合報導
2025-08-29 21:23:58,458 - INFO - 生成綜合報導 - 專題：0dff09a8-36e1-48c1-bf14-ab3305ad6303
2025-08-29 21:24:07,582 - INFO - ✅ 綜合報導（多版本）生成成功
2025-08-29 21:24:07,583 - INFO - Story 0dff09a8-36e1-48c1-bf14-ab3305ad6303 處理完成
2025-08-29 21:24:07,583 - INFO - ✅ Story 103 處理成功
2025-08-29 21:24:07,583 - INFO - 
============================================================
2025-08-29 21:24:07,584 - INFO - 處理 Story 104/107
2025-08-29 21:24:07,584 - INFO - ============================================================
2025-08-29 21:24:07,584 - INFO - 開始處理 Story c9be4709-5610-473c-8868-33159f74e901 - 2 篇文章
2025-08-29 21:24:07,584 - INFO - 生成綜合報導
2025-08-29 21:24:07,584 - INFO - 生成綜合報導 - 專題：c9be4709-5610-473c-8868-33159f74e901
2025-08-29 21:24:16,311 - INFO - ✅ 綜合報導（多版本）生成成功
2025-08-29 21:24:16,312 - INFO - Story c9be4709-5610-473c-8868-33159f74e901 處理完成
2025-08-29 21:24:16,313 - INFO - ✅ Story 104 處理成功
2025-08-29 21:24:16,313 - INFO - 
============================================================
2025-08-29 21:24:16,314 - INFO - 處理 Story 105/107
2025-08-29 21:24:16,314 - INFO - ============================================================
2025-08-29 21:24:16,315 - INFO - 開始處理 Story c9be4709-5610-473c-8868-33159f74e902 - 1 篇文章
2025-08-29 21:24:16,315 - INFO - 生成綜合報導
2025-08-29 21:24:16,315 - INFO - 生成綜合報導 - 專題：c9be4709-5610-473c-8868-33159f74e902
2025-08-29 21:24:25,422 - INFO - ✅ 綜合報導（多版本）生成成功
2025-08-29 21:24:25,423 - INFO - Story c9be4709-5610-473c-8868-33159f74e902 處理完成
2025-08-29 21:24:25,423 - INFO - ✅ Story 105 處理成功
2025-08-29 21:24:25,424 - INFO - 
============================================================
2025-08-29 21:24:25,424 - INFO - 處理 Story 106/107
2025-08-29 21:24:25,425 - INFO - ============================================================
2025-08-29 21:24:25,425 - INFO - 開始處理 Story a9aa0f42-4253-46b5-8071-42cf4c4e8d01 - 5 篇文章
2025-08-29 21:24:25,426 - INFO - 生成綜合報導
2025-08-29 21:24:25,426 - INFO - 生成綜合報導 - 專題：a9aa0f42-4253-46b5-8071-42cf4c4e8d01
2025-08-29 21:24:33,733 - INFO - ✅ 綜合報導（多版本）生成成功
2025-08-29 21:24:33,733 - INFO - Story a9aa0f42-4253-46b5-8071-42cf4c4e8d01 處理完成
2025-08-29 21:24:33,733 - INFO - ✅ Story 106 處理成功
2025-08-29 21:24:33,734 - INFO - 
============================================================
2025-08-29 21:24:33,734 - INFO - 處理 Story 107/107
2025-08-29 21:24:33,734 - INFO - ============================================================
2025-08-29 21:24:33,734 - INFO - 開始處理 Story a9aa0f42-4253-46b5-8071-42cf4c4e8d02 - 1 篇文章
2025-08-29 21:24:33,735 - INFO - 生成綜合報導
2025-08-29 21:24:33,735 - INFO - 生成綜合報導 - 專題：a9aa0f42-4253-46b5-8071-42cf4c4e8d02
2025-08-29 21:24:42,398 - INFO - ✅ 綜合報導（多版本）生成成功
2025-08-29 21:24:42,399 - INFO - Story a9aa0f42-4253-46b5-8071-42cf4c4e8d02 處理完成
2025-08-29 21:24:42,399 - INFO - ✅ Story 107 處理成功
2025-08-29 21:24:42,400 - INFO - 
🎉 報導生成完成！成功處理 107 個 stories
